<?xml version="1.0" encoding="UTF-8"?>
<!-- Generated by org.testng.reporters.JUnitXMLReporter -->
<testsuite ignored="0" hostname="Faizahammed" failures="0" tests="28" name="Default test" time="584.585" errors="0" timestamp="2026-06-14T14:59:40 IST">
  <testcase classname="com.faiz.automation.tests.NewsletterTest" name="verifyNewsletterSubscription" time="1.408"/>
  <testcase classname="com.faiz.automation.tests.NewsletterTest" name="verifyNewsletterSubscription" time="5.337"/>
  <testcase classname="com.faiz.automation.tests.NewsletterTest" name="verifyNewsletterSubscription" time="1.822"/>
  <testcase classname="com.faiz.automation.tests.NewsletterTest" name="verifyNewsletterSubscription" time="11.495"/>
  <testcase classname="com.faiz.automation.tests.LoginTest" name="verifyLogin" time="14.668"/>
  <testcase classname="com.faiz.automation.tests.SearchTest" name="verifyInvalidProductSearch" time="5.355"/>
  <testcase classname="com.faiz.automation.tests.SearchTest" name="verifyValidProductSearch" time="1.7"/>
  <testcase classname="com.faiz.automation.tests.TopMenuTabsTest" name="verifyApparelAndShoesMenuTab" time="8.146"/>
  <testcase classname="com.faiz.automation.tests.TopMenuTabsTest" name="verifyBooksMenuTab" time="5.375"/>
  <testcase classname="com.faiz.automation.tests.TopMenuTabsTest" name="verifyComputersMenuTab" time="6.192"/>
  <testcase classname="com.faiz.automation.tests.TopMenuTabsTest" name="verifyDigitalDownloadsMenuTab" time="1.756"/>
  <testcase classname="com.faiz.automation.tests.TopMenuTabsTest" name="verifyElectronicsMenuTab" time="1.536"/>
  <testcase classname="com.faiz.automation.tests.TopMenuTabsTest" name="verifyGiftCardsMenuTab" time="1.064"/>
  <testcase classname="com.faiz.automation.tests.TopMenuTabsTest" name="verifyJewelryMenuTab" time="8.887"/>
  <testcase classname="com.faiz.automation.tests.RegistrationAndLoginTest" name="verifyRegistrationAndLogin" time="8.64"/>
  <testcase classname="com.faiz.automation.tests.ProductCartTest" name="verifyProductCanBeAddedAndRemovedFromCart" time="5.235"/>
  <testcase classname="com.faiz.automation.tests.WishlistAndCompareTest" name="verifyProductCanBeAddedToWishlist" time="4.83"/>
  <testcase classname="com.faiz.automation.tests.RegistrationTest" name="verifyRegistration" time="5.462"/>
  <testcase classname="com.faiz.automation.tests.RegistrationTest" name="verifyRegistration" time="4.986"/>
  <testcase classname="com.faiz.automation.tests.RegistrationTest" name="verifyRegistration" time="21.623"/>
  <testcase classname="com.faiz.automation.tests.RegistrationTest" name="verifyRegistration" time="21.85"/>
  <testcase classname="com.faiz.automation.tests.RegistrationTest" name="verifyRegistration" time="21.722"/>
  <testcase classname="com.faiz.automation.tests.RegistrationTest" name="verifyRegistration" time="26.462"/>
  <testcase classname="com.faiz.automation.tests.RegistrationTest" name="verifyRegistration" time="21.57"/>
  <testcase classname="com.faiz.automation.tests.RegistrationTest" name="verifyRegistration" time="25.727"/>
  <testcase classname="com.faiz.automation.tests.RegistrationTest" name="verifyRegistration" time="24.469"/>
  <testcase classname="com.faiz.automation.tests.RegistrationTest" name="verifyRegistration" time="21.933"/>
  <testcase classname="com.faiz.automation.tests.NotebookOrderTest" name="selectNotebookAndPlaceOrder" time="36.677"/>
</testsuite> <!-- Default test -->
