<?xml version="1.0" encoding="UTF-8"?>
<!-- Generated by org.testng.reporters.JUnitXMLReporter -->
<testsuite ignored="0" hostname="Faizahammed" failures="0" tests="25" name="Default test" time="372.161" errors="0" timestamp="2026-06-14T04:46:37 IST">
  <testcase classname="com.faiz.automation.tests.NewsletterTest" name="verifyNewsletterSubscription" time="1.426"/>
  <testcase classname="com.faiz.automation.tests.LoginTest" name="verifyLogin" time="2.215"/>
  <testcase classname="com.faiz.automation.tests.SearchTest" name="verifyInvalidProductSearch" time="1.586"/>
  <testcase classname="com.faiz.automation.tests.SearchTest" name="verifyValidProductSearch" time="2.72"/>
  <testcase classname="com.faiz.automation.tests.TopMenuTabsTest" name="verifyApparelAndShoesMenuTab" time="1.493"/>
  <testcase classname="com.faiz.automation.tests.TopMenuTabsTest" name="verifyBooksMenuTab" time="1.198"/>
  <testcase classname="com.faiz.automation.tests.TopMenuTabsTest" name="verifyComputersMenuTab" time="1.313"/>
  <testcase classname="com.faiz.automation.tests.TopMenuTabsTest" name="verifyDigitalDownloadsMenuTab" time="1.208"/>
  <testcase classname="com.faiz.automation.tests.TopMenuTabsTest" name="verifyElectronicsMenuTab" time="1.64"/>
  <testcase classname="com.faiz.automation.tests.TopMenuTabsTest" name="verifyGiftCardsMenuTab" time="1.216"/>
  <testcase classname="com.faiz.automation.tests.TopMenuTabsTest" name="verifyJewelryMenuTab" time="1.349"/>
  <testcase classname="com.faiz.automation.tests.RegistrationAndLoginTest" name="verifyRegistrationAndLogin" time="8.992"/>
  <testcase classname="com.faiz.automation.tests.ProductCartTest" name="verifyProductCanBeAddedAndRemovedFromCart" time="3.931"/>
  <testcase classname="com.faiz.automation.tests.WishlistAndCompareTest" name="verifyProductCanBeAddedToWishlist" time="3.382"/>
  <testcase classname="com.faiz.automation.tests.RegistrationTest" name="verifyRegistration" time="4.885"/>
  <testcase classname="com.faiz.automation.tests.RegistrationTest" name="verifyRegistration" time="5.097"/>
  <testcase classname="com.faiz.automation.tests.RegistrationTest" name="verifyRegistration" time="22.401"/>
  <testcase classname="com.faiz.automation.tests.RegistrationTest" name="verifyRegistration" time="22.138"/>
  <testcase classname="com.faiz.automation.tests.RegistrationTest" name="verifyRegistration" time="22.135"/>
  <testcase classname="com.faiz.automation.tests.RegistrationTest" name="verifyRegistration" time="22.013"/>
  <testcase classname="com.faiz.automation.tests.RegistrationTest" name="verifyRegistration" time="21.453"/>
  <testcase classname="com.faiz.automation.tests.RegistrationTest" name="verifyRegistration" time="22.695"/>
  <testcase classname="com.faiz.automation.tests.RegistrationTest" name="verifyRegistration" time="22.269"/>
  <testcase classname="com.faiz.automation.tests.RegistrationTest" name="verifyRegistration" time="21.854"/>
  <testcase classname="com.faiz.automation.tests.NotebookOrderTest" name="selectNotebookAndPlaceOrder" time="13.721"/>
</testsuite> <!-- Default test -->
