<?xml version="1.0" encoding="UTF-8"?>
<testng-results ignored="0" total="25" passed="25" failed="0" skipped="0">
  <reporter-output>
  </reporter-output>
  <suite started-at="2026-06-14T01:37:34 IST" name="AutomationSuite" finished-at="2026-06-14T01:40:29 IST" duration-ms="175370">
    <groups>
    </groups>
    <test started-at="2026-06-14T01:37:34 IST" name="AutomationTests" finished-at="2026-06-14T01:40:29 IST" duration-ms="175370">
      <class name="com.faiz.automation.tests.NewsletterTest">
        <test-method is-config="true" signature="setUp()[pri:0, instance:com.faiz.automation.tests.NewsletterTest@5fe94a96]" started-at="2026-06-14T01:38:39 IST" name="setUp" finished-at="2026-06-14T01:38:46 IST" duration-ms="6659" status="PASS">
          <reporter-output>
          </reporter-output>
        </test-method> <!-- setUp -->
        <test-method signature="verifyNewsletterSubscription()[pri:0, instance:com.faiz.automation.tests.NewsletterTest@5fe94a96]" started-at="2026-06-14T01:38:46 IST" name="verifyNewsletterSubscription" finished-at="2026-06-14T01:38:47 IST" duration-ms="1501" status="PASS">
          <reporter-output>
          </reporter-output>
        </test-method> <!-- verifyNewsletterSubscription -->
        <test-method is-config="true" signature="tearDown()[pri:0, instance:com.faiz.automation.tests.NewsletterTest@5fe94a96]" started-at="2026-06-14T01:38:47 IST" name="tearDown" finished-at="2026-06-14T01:38:48 IST" duration-ms="323" status="PASS">
          <reporter-output>
          </reporter-output>
        </test-method> <!-- tearDown -->
      </class> <!-- com.faiz.automation.tests.NewsletterTest -->
      <class name="com.faiz.automation.tests.LoginTest">
        <test-method is-config="true" signature="setUp()[pri:0, instance:com.faiz.automation.tests.LoginTest@3590fc5b]" started-at="2026-06-14T01:37:34 IST" name="setUp" finished-at="2026-06-14T01:37:45 IST" duration-ms="11429" status="PASS">
          <reporter-output>
          </reporter-output>
        </test-method> <!-- setUp -->
        <test-method signature="verifyLogin()[pri:0, instance:com.faiz.automation.tests.LoginTest@3590fc5b]" started-at="2026-06-14T01:37:45 IST" name="verifyLogin" finished-at="2026-06-14T01:37:49 IST" duration-ms="4263" status="PASS">
          <reporter-output>
          </reporter-output>
        </test-method> <!-- verifyLogin -->
        <test-method is-config="true" signature="tearDown()[pri:0, instance:com.faiz.automation.tests.LoginTest@3590fc5b]" started-at="2026-06-14T01:37:49 IST" name="tearDown" finished-at="2026-06-14T01:37:51 IST" duration-ms="1779" status="PASS">
          <reporter-output>
          </reporter-output>
        </test-method> <!-- tearDown -->
      </class> <!-- com.faiz.automation.tests.LoginTest -->
      <class name="com.faiz.automation.tests.SearchTest">
        <test-method is-config="true" signature="setUp()[pri:0, instance:com.faiz.automation.tests.SearchTest@639c2c1d]" started-at="2026-06-14T01:38:21 IST" name="setUp" finished-at="2026-06-14T01:38:24 IST" duration-ms="3328" status="PASS">
          <reporter-output>
          </reporter-output>
        </test-method> <!-- setUp -->
        <test-method signature="verifyInvalidProductSearch()[pri:0, instance:com.faiz.automation.tests.SearchTest@639c2c1d]" started-at="2026-06-14T01:38:24 IST" name="verifyInvalidProductSearch" finished-at="2026-06-14T01:38:29 IST" duration-ms="4939" status="PASS">
          <reporter-output>
          </reporter-output>
        </test-method> <!-- verifyInvalidProductSearch -->
        <test-method is-config="true" signature="tearDown()[pri:0, instance:com.faiz.automation.tests.SearchTest@639c2c1d]" started-at="2026-06-14T01:38:29 IST" name="tearDown" finished-at="2026-06-14T01:38:30 IST" duration-ms="713" status="PASS">
          <reporter-output>
          </reporter-output>
        </test-method> <!-- tearDown -->
        <test-method is-config="true" signature="setUp()[pri:0, instance:com.faiz.automation.tests.SearchTest@639c2c1d]" started-at="2026-06-14T01:38:30 IST" name="setUp" finished-at="2026-06-14T01:38:35 IST" duration-ms="5617" status="PASS">
          <reporter-output>
          </reporter-output>
        </test-method> <!-- setUp -->
        <test-method signature="verifyValidProductSearch()[pri:0, instance:com.faiz.automation.tests.SearchTest@639c2c1d]" started-at="2026-06-14T01:38:35 IST" name="verifyValidProductSearch" finished-at="2026-06-14T01:38:37 IST" duration-ms="1968" status="PASS">
          <reporter-output>
          </reporter-output>
        </test-method> <!-- verifyValidProductSearch -->
        <test-method is-config="true" signature="tearDown()[pri:0, instance:com.faiz.automation.tests.SearchTest@639c2c1d]" started-at="2026-06-14T01:38:37 IST" name="tearDown" finished-at="2026-06-14T01:38:39 IST" duration-ms="1918" status="PASS">
          <reporter-output>
          </reporter-output>
        </test-method> <!-- tearDown -->
      </class> <!-- com.faiz.automation.tests.SearchTest -->
      <class name="com.faiz.automation.tests.TopMenuTabsTest">
        <test-method is-config="true" signature="setUp()[pri:0, instance:com.faiz.automation.tests.TopMenuTabsTest@515c6049]" started-at="2026-06-14T01:37:55 IST" name="setUp" finished-at="2026-06-14T01:37:59 IST" duration-ms="4197" status="PASS">
          <reporter-output>
          </reporter-output>
        </test-method> <!-- setUp -->
        <test-method signature="verifyApparelAndShoesMenuTab()[pri:0, instance:com.faiz.automation.tests.TopMenuTabsTest@515c6049]" started-at="2026-06-14T01:37:59 IST" name="verifyApparelAndShoesMenuTab" finished-at="2026-06-14T01:38:02 IST" duration-ms="2316" status="PASS">
          <reporter-output>
          </reporter-output>
        </test-method> <!-- verifyApparelAndShoesMenuTab -->
        <test-method is-config="true" signature="tearDown()[pri:0, instance:com.faiz.automation.tests.TopMenuTabsTest@515c6049]" started-at="2026-06-14T01:38:02 IST" name="tearDown" finished-at="2026-06-14T01:38:03 IST" duration-ms="790" status="PASS">
          <reporter-output>
          </reporter-output>
        </test-method> <!-- tearDown -->
        <test-method is-config="true" signature="setUp()[pri:0, instance:com.faiz.automation.tests.TopMenuTabsTest@515c6049]" started-at="2026-06-14T01:38:03 IST" name="setUp" finished-at="2026-06-14T01:38:08 IST" duration-ms="5521" status="PASS">
          <reporter-output>
          </reporter-output>
        </test-method> <!-- setUp -->
        <test-method signature="verifyBooksMenuTab()[pri:0, instance:com.faiz.automation.tests.TopMenuTabsTest@515c6049]" started-at="2026-06-14T01:38:08 IST" name="verifyBooksMenuTab" finished-at="2026-06-14T01:38:11 IST" duration-ms="2649" status="PASS">
          <reporter-output>
          </reporter-output>
        </test-method> <!-- verifyBooksMenuTab -->
        <test-method is-config="true" signature="tearDown()[pri:0, instance:com.faiz.automation.tests.TopMenuTabsTest@515c6049]" started-at="2026-06-14T01:38:11 IST" name="tearDown" finished-at="2026-06-14T01:38:13 IST" duration-ms="2112" status="PASS">
          <reporter-output>
          </reporter-output>
        </test-method> <!-- tearDown -->
        <test-method is-config="true" signature="setUp()[pri:0, instance:com.faiz.automation.tests.TopMenuTabsTest@515c6049]" started-at="2026-06-14T01:38:13 IST" name="setUp" finished-at="2026-06-14T01:38:19 IST" duration-ms="6101" status="PASS">
          <reporter-output>
          </reporter-output>
        </test-method> <!-- setUp -->
        <test-method signature="verifyComputersMenuTab()[pri:0, instance:com.faiz.automation.tests.TopMenuTabsTest@515c6049]" started-at="2026-06-14T01:38:19 IST" name="verifyComputersMenuTab" finished-at="2026-06-14T01:38:20 IST" duration-ms="1436" status="PASS">
          <reporter-output>
          </reporter-output>
        </test-method> <!-- verifyComputersMenuTab -->
        <test-method is-config="true" signature="tearDown()[pri:0, instance:com.faiz.automation.tests.TopMenuTabsTest@515c6049]" started-at="2026-06-14T01:38:20 IST" name="tearDown" finished-at="2026-06-14T01:38:21 IST" duration-ms="598" status="PASS">
          <reporter-output>
          </reporter-output>
        </test-method> <!-- tearDown -->
        <test-method is-config="true" signature="setUp()[pri:0, instance:com.faiz.automation.tests.TopMenuTabsTest@515c6049]" started-at="2026-06-14T01:38:21 IST" name="setUp" finished-at="2026-06-14T01:38:27 IST" duration-ms="5900" status="PASS">
          <reporter-output>
          </reporter-output>
        </test-method> <!-- setUp -->
        <test-method signature="verifyDigitalDownloadsMenuTab()[pri:0, instance:com.faiz.automation.tests.TopMenuTabsTest@515c6049]" started-at="2026-06-14T01:38:27 IST" name="verifyDigitalDownloadsMenuTab" finished-at="2026-06-14T01:38:28 IST" duration-ms="1517" status="PASS">
          <reporter-output>
          </reporter-output>
        </test-method> <!-- verifyDigitalDownloadsMenuTab -->
        <test-method is-config="true" signature="tearDown()[pri:0, instance:com.faiz.automation.tests.TopMenuTabsTest@515c6049]" started-at="2026-06-14T01:38:28 IST" name="tearDown" finished-at="2026-06-14T01:38:29 IST" duration-ms="1103" status="PASS">
          <reporter-output>
          </reporter-output>
        </test-method> <!-- tearDown -->
        <test-method is-config="true" signature="setUp()[pri:0, instance:com.faiz.automation.tests.TopMenuTabsTest@515c6049]" started-at="2026-06-14T01:38:29 IST" name="setUp" finished-at="2026-06-14T01:38:35 IST" duration-ms="5964" status="PASS">
          <reporter-output>
          </reporter-output>
        </test-method> <!-- setUp -->
        <test-method signature="verifyElectronicsMenuTab()[pri:0, instance:com.faiz.automation.tests.TopMenuTabsTest@515c6049]" started-at="2026-06-14T01:38:35 IST" name="verifyElectronicsMenuTab" finished-at="2026-06-14T01:38:37 IST" duration-ms="1833" status="PASS">
          <reporter-output>
          </reporter-output>
        </test-method> <!-- verifyElectronicsMenuTab -->
        <test-method is-config="true" signature="tearDown()[pri:0, instance:com.faiz.automation.tests.TopMenuTabsTest@515c6049]" started-at="2026-06-14T01:38:37 IST" name="tearDown" finished-at="2026-06-14T01:38:39 IST" duration-ms="1953" status="PASS">
          <reporter-output>
          </reporter-output>
        </test-method> <!-- tearDown -->
        <test-method is-config="true" signature="setUp()[pri:0, instance:com.faiz.automation.tests.TopMenuTabsTest@515c6049]" started-at="2026-06-14T01:38:39 IST" name="setUp" finished-at="2026-06-14T01:38:48 IST" duration-ms="8597" status="PASS">
          <reporter-output>
          </reporter-output>
        </test-method> <!-- setUp -->
        <test-method signature="verifyGiftCardsMenuTab()[pri:0, instance:com.faiz.automation.tests.TopMenuTabsTest@515c6049]" started-at="2026-06-14T01:38:48 IST" name="verifyGiftCardsMenuTab" finished-at="2026-06-14T01:38:50 IST" duration-ms="1745" status="PASS">
          <reporter-output>
          </reporter-output>
        </test-method> <!-- verifyGiftCardsMenuTab -->
        <test-method is-config="true" signature="tearDown()[pri:0, instance:com.faiz.automation.tests.TopMenuTabsTest@515c6049]" started-at="2026-06-14T01:38:50 IST" name="tearDown" finished-at="2026-06-14T01:38:51 IST" duration-ms="1037" status="PASS">
          <reporter-output>
          </reporter-output>
        </test-method> <!-- tearDown -->
        <test-method is-config="true" signature="setUp()[pri:0, instance:com.faiz.automation.tests.TopMenuTabsTest@515c6049]" started-at="2026-06-14T01:38:51 IST" name="setUp" finished-at="2026-06-14T01:38:57 IST" duration-ms="6792" status="PASS">
          <reporter-output>
          </reporter-output>
        </test-method> <!-- setUp -->
        <test-method signature="verifyJewelryMenuTab()[pri:0, instance:com.faiz.automation.tests.TopMenuTabsTest@515c6049]" started-at="2026-06-14T01:38:57 IST" name="verifyJewelryMenuTab" finished-at="2026-06-14T01:38:59 IST" duration-ms="1507" status="PASS">
          <reporter-output>
          </reporter-output>
        </test-method> <!-- verifyJewelryMenuTab -->
        <test-method is-config="true" signature="tearDown()[pri:0, instance:com.faiz.automation.tests.TopMenuTabsTest@515c6049]" started-at="2026-06-14T01:38:59 IST" name="tearDown" finished-at="2026-06-14T01:38:59 IST" duration-ms="533" status="PASS">
          <reporter-output>
          </reporter-output>
        </test-method> <!-- tearDown -->
      </class> <!-- com.faiz.automation.tests.TopMenuTabsTest -->
      <class name="com.faiz.automation.tests.RegistrationAndLoginTest">
        <test-method is-config="true" signature="setUp()[pri:0, instance:com.faiz.automation.tests.RegistrationAndLoginTest@397fbdb]" started-at="2026-06-14T01:37:34 IST" name="setUp" finished-at="2026-06-14T01:37:40 IST" duration-ms="6280" status="PASS">
          <reporter-output>
          </reporter-output>
        </test-method> <!-- setUp -->
        <test-method signature="verifyRegistrationAndLogin()[pri:0, instance:com.faiz.automation.tests.RegistrationAndLoginTest@397fbdb]" started-at="2026-06-14T01:37:40 IST" name="verifyRegistrationAndLogin" finished-at="2026-06-14T01:37:52 IST" duration-ms="11578" status="PASS">
          <reporter-output>
          </reporter-output>
        </test-method> <!-- verifyRegistrationAndLogin -->
        <test-method is-config="true" signature="tearDown()[pri:0, instance:com.faiz.automation.tests.RegistrationAndLoginTest@397fbdb]" started-at="2026-06-14T01:37:52 IST" name="tearDown" finished-at="2026-06-14T01:37:55 IST" duration-ms="3689" status="PASS">
          <reporter-output>
          </reporter-output>
        </test-method> <!-- tearDown -->
      </class> <!-- com.faiz.automation.tests.RegistrationAndLoginTest -->
      <class name="com.faiz.automation.tests.ProductCartTest">
        <test-method is-config="true" signature="setUp()[pri:0, instance:com.faiz.automation.tests.ProductCartTest@443118b0]" started-at="2026-06-14T01:38:48 IST" name="setUp" finished-at="2026-06-14T01:38:56 IST" duration-ms="8826" status="PASS">
          <reporter-output>
          </reporter-output>
        </test-method> <!-- setUp -->
        <test-method signature="verifyProductCanBeAddedAndRemovedFromCart()[pri:0, instance:com.faiz.automation.tests.ProductCartTest@443118b0]" started-at="2026-06-14T01:38:56 IST" name="verifyProductCanBeAddedAndRemovedFromCart" finished-at="2026-06-14T01:39:03 IST" duration-ms="6525" status="PASS">
          <reporter-output>
          </reporter-output>
        </test-method> <!-- verifyProductCanBeAddedAndRemovedFromCart -->
        <test-method is-config="true" signature="tearDown()[pri:0, instance:com.faiz.automation.tests.ProductCartTest@443118b0]" started-at="2026-06-14T01:39:03 IST" name="tearDown" finished-at="2026-06-14T01:39:03 IST" duration-ms="266" status="PASS">
          <reporter-output>
          </reporter-output>
        </test-method> <!-- tearDown -->
      </class> <!-- com.faiz.automation.tests.ProductCartTest -->
      <class name="com.faiz.automation.tests.WishlistAndCompareTest">
        <test-method is-config="true" signature="setUp()[pri:0, instance:com.faiz.automation.tests.WishlistAndCompareTest@765d7657]" started-at="2026-06-14T01:38:59 IST" name="setUp" finished-at="2026-06-14T01:39:08 IST" duration-ms="8092" status="PASS">
          <reporter-output>
          </reporter-output>
        </test-method> <!-- setUp -->
        <test-method signature="verifyProductCanBeAddedToWishlist()[pri:0, instance:com.faiz.automation.tests.WishlistAndCompareTest@765d7657]" started-at="2026-06-14T01:39:08 IST" name="verifyProductCanBeAddedToWishlist" finished-at="2026-06-14T01:39:13 IST" duration-ms="4973" status="PASS">
          <reporter-output>
          </reporter-output>
        </test-method> <!-- verifyProductCanBeAddedToWishlist -->
        <test-method is-config="true" signature="tearDown()[pri:0, instance:com.faiz.automation.tests.WishlistAndCompareTest@765d7657]" started-at="2026-06-14T01:39:13 IST" name="tearDown" finished-at="2026-06-14T01:39:13 IST" duration-ms="459" status="PASS">
          <reporter-output>
          </reporter-output>
        </test-method> <!-- tearDown -->
      </class> <!-- com.faiz.automation.tests.WishlistAndCompareTest -->
      <class name="com.faiz.automation.tests.RegistrationTest">
        <test-method is-config="true" signature="setUp()[pri:0, instance:com.faiz.automation.tests.RegistrationTest@72967906]" started-at="2026-06-14T01:37:34 IST" name="setUp" finished-at="2026-06-14T01:37:42 IST" duration-ms="8663" status="PASS">
          <reporter-output>
          </reporter-output>
        </test-method> <!-- setUp -->
        <test-method signature="verifyRegistration(java.lang.String,java.lang.String,java.lang.String,java.lang.String,java.lang.String,java.lang.String)[pri:0, instance:com.faiz.automation.tests.RegistrationTest@72967906]" started-at="2026-06-14T01:37:42 IST" name="verifyRegistration" data-provider="registrationData" finished-at="2026-06-14T01:37:48 IST" duration-ms="5959" status="PASS">
          <params>
            <param index="0">
              <value>
                <![CDATA[Faiz]]>
              </value>
            </param>
            <param index="1">
              <value>
                <![CDATA[Dafedar]]>
              </value>
            </param>
            <param index="2">
              <value>
                <![CDATA[faiz12345@gmail.com]]>
              </value>
            </param>
            <param index="3">
              <value>
                <![CDATA[Test@123]]>
              </value>
            </param>
            <param index="4">
              <value>
                <![CDATA[Test@123]]>
              </value>
            </param>
            <param index="5">
              <value>
                <![CDATA[PASS]]>
              </value>
            </param>
          </params>
          <reporter-output>
          </reporter-output>
        </test-method> <!-- verifyRegistration -->
        <test-method is-config="true" signature="tearDown()[pri:0, instance:com.faiz.automation.tests.RegistrationTest@72967906]" started-at="2026-06-14T01:37:48 IST" name="tearDown" finished-at="2026-06-14T01:37:51 IST" duration-ms="2738" status="PASS">
          <reporter-output>
          </reporter-output>
        </test-method> <!-- tearDown -->
        <test-method is-config="true" signature="setUp()[pri:0, instance:com.faiz.automation.tests.RegistrationTest@72967906]" started-at="2026-06-14T01:37:51 IST" name="setUp" finished-at="2026-06-14T01:37:57 IST" duration-ms="5919" status="PASS">
          <reporter-output>
          </reporter-output>
        </test-method> <!-- setUp -->
        <test-method signature="verifyRegistration(java.lang.String,java.lang.String,java.lang.String,java.lang.String,java.lang.String,java.lang.String)[pri:0, instance:com.faiz.automation.tests.RegistrationTest@72967906]" started-at="2026-06-14T01:37:57 IST" name="verifyRegistration" data-provider="registrationData" finished-at="2026-06-14T01:38:04 IST" duration-ms="6873" status="PASS">
          <params>
            <param index="0">
              <value>
                <![CDATA[F]]>
              </value>
            </param>
            <param index="1">
              <value>
                <![CDATA[Dafedar]]>
              </value>
            </param>
            <param index="2">
              <value>
                <![CDATA[faiz1@gmail.com]]>
              </value>
            </param>
            <param index="3">
              <value>
                <![CDATA[Test@123]]>
              </value>
            </param>
            <param index="4">
              <value>
                <![CDATA[Test@123]]>
              </value>
            </param>
            <param index="5">
              <value>
                <![CDATA[PASS]]>
              </value>
            </param>
          </params>
          <reporter-output>
          </reporter-output>
        </test-method> <!-- verifyRegistration -->
        <test-method is-config="true" signature="tearDown()[pri:0, instance:com.faiz.automation.tests.RegistrationTest@72967906]" started-at="2026-06-14T01:38:04 IST" name="tearDown" finished-at="2026-06-14T01:38:07 IST" duration-ms="3209" status="PASS">
          <reporter-output>
          </reporter-output>
        </test-method> <!-- tearDown -->
        <test-method is-config="true" signature="setUp()[pri:0, instance:com.faiz.automation.tests.RegistrationTest@72967906]" started-at="2026-06-14T01:38:07 IST" name="setUp" finished-at="2026-06-14T01:38:12 IST" duration-ms="5124" status="PASS">
          <reporter-output>
          </reporter-output>
        </test-method> <!-- setUp -->
        <test-method signature="verifyRegistration(java.lang.String,java.lang.String,java.lang.String,java.lang.String,java.lang.String,java.lang.String)[pri:0, instance:com.faiz.automation.tests.RegistrationTest@72967906]" started-at="2026-06-14T01:38:12 IST" name="verifyRegistration" data-provider="registrationData" finished-at="2026-06-14T01:38:27 IST" duration-ms="14955" status="PASS">
          <params>
            <param index="0">
              <value>
                <![CDATA[]]>
              </value>
            </param>
            <param index="1">
              <value>
                <![CDATA[Dafedar]]>
              </value>
            </param>
            <param index="2">
              <value>
                <![CDATA[faiz@gmail.com]]>
              </value>
            </param>
            <param index="3">
              <value>
                <![CDATA[Test@123]]>
              </value>
            </param>
            <param index="4">
              <value>
                <![CDATA[Test@123]]>
              </value>
            </param>
            <param index="5">
              <value>
                <![CDATA[FAIL]]>
              </value>
            </param>
          </params>
          <reporter-output>
          </reporter-output>
        </test-method> <!-- verifyRegistration -->
        <test-method is-config="true" signature="tearDown()[pri:0, instance:com.faiz.automation.tests.RegistrationTest@72967906]" started-at="2026-06-14T01:38:27 IST" name="tearDown" finished-at="2026-06-14T01:38:29 IST" duration-ms="2085" status="PASS">
          <reporter-output>
          </reporter-output>
        </test-method> <!-- tearDown -->
        <test-method is-config="true" signature="setUp()[pri:0, instance:com.faiz.automation.tests.RegistrationTest@72967906]" started-at="2026-06-14T01:38:29 IST" name="setUp" finished-at="2026-06-14T01:38:32 IST" duration-ms="2528" status="PASS">
          <reporter-output>
          </reporter-output>
        </test-method> <!-- setUp -->
        <test-method signature="verifyRegistration(java.lang.String,java.lang.String,java.lang.String,java.lang.String,java.lang.String,java.lang.String)[pri:0, instance:com.faiz.automation.tests.RegistrationTest@72967906]" started-at="2026-06-14T01:38:32 IST" name="verifyRegistration" data-provider="registrationData" finished-at="2026-06-14T01:38:49 IST" duration-ms="17627" status="PASS">
          <params>
            <param index="0">
              <value>
                <![CDATA[Faiz]]>
              </value>
            </param>
            <param index="1">
              <value>
                <![CDATA[]]>
              </value>
            </param>
            <param index="2">
              <value>
                <![CDATA[faiz@gmail.com]]>
              </value>
            </param>
            <param index="3">
              <value>
                <![CDATA[Test@123]]>
              </value>
            </param>
            <param index="4">
              <value>
                <![CDATA[Test@123]]>
              </value>
            </param>
            <param index="5">
              <value>
                <![CDATA[FAIL]]>
              </value>
            </param>
          </params>
          <reporter-output>
          </reporter-output>
        </test-method> <!-- verifyRegistration -->
        <test-method is-config="true" signature="tearDown()[pri:0, instance:com.faiz.automation.tests.RegistrationTest@72967906]" started-at="2026-06-14T01:38:49 IST" name="tearDown" finished-at="2026-06-14T01:38:51 IST" duration-ms="1306" status="PASS">
          <reporter-output>
          </reporter-output>
        </test-method> <!-- tearDown -->
        <test-method is-config="true" signature="setUp()[pri:0, instance:com.faiz.automation.tests.RegistrationTest@72967906]" started-at="2026-06-14T01:38:51 IST" name="setUp" finished-at="2026-06-14T01:38:56 IST" duration-ms="4791" status="PASS">
          <reporter-output>
          </reporter-output>
        </test-method> <!-- setUp -->
        <test-method signature="verifyRegistration(java.lang.String,java.lang.String,java.lang.String,java.lang.String,java.lang.String,java.lang.String)[pri:0, instance:com.faiz.automation.tests.RegistrationTest@72967906]" started-at="2026-06-14T01:38:56 IST" name="verifyRegistration" data-provider="registrationData" finished-at="2026-06-14T01:39:07 IST" duration-ms="11767" status="PASS">
          <params>
            <param index="0">
              <value>
                <![CDATA[Faiz]]>
              </value>
            </param>
            <param index="1">
              <value>
                <![CDATA[Dafedar]]>
              </value>
            </param>
            <param index="2">
              <value>
                <![CDATA[]]>
              </value>
            </param>
            <param index="3">
              <value>
                <![CDATA[Test@123]]>
              </value>
            </param>
            <param index="4">
              <value>
                <![CDATA[Test@123]]>
              </value>
            </param>
            <param index="5">
              <value>
                <![CDATA[FAIL]]>
              </value>
            </param>
          </params>
          <reporter-output>
          </reporter-output>
        </test-method> <!-- verifyRegistration -->
        <test-method is-config="true" signature="tearDown()[pri:0, instance:com.faiz.automation.tests.RegistrationTest@72967906]" started-at="2026-06-14T01:39:07 IST" name="tearDown" finished-at="2026-06-14T01:39:08 IST" duration-ms="897" status="PASS">
          <reporter-output>
          </reporter-output>
        </test-method> <!-- tearDown -->
        <test-method is-config="true" signature="setUp()[pri:0, instance:com.faiz.automation.tests.RegistrationTest@72967906]" started-at="2026-06-14T01:39:08 IST" name="setUp" finished-at="2026-06-14T01:39:12 IST" duration-ms="3669" status="PASS">
          <reporter-output>
          </reporter-output>
        </test-method> <!-- setUp -->
        <test-method signature="verifyRegistration(java.lang.String,java.lang.String,java.lang.String,java.lang.String,java.lang.String,java.lang.String)[pri:0, instance:com.faiz.automation.tests.RegistrationTest@72967906]" started-at="2026-06-14T01:39:12 IST" name="verifyRegistration" data-provider="registrationData" finished-at="2026-06-14T01:39:23 IST" duration-ms="11601" status="PASS">
          <params>
            <param index="0">
              <value>
                <![CDATA[Faiz]]>
              </value>
            </param>
            <param index="1">
              <value>
                <![CDATA[Dafedar]]>
              </value>
            </param>
            <param index="2">
              <value>
                <![CDATA[invalidemail]]>
              </value>
            </param>
            <param index="3">
              <value>
                <![CDATA[Test@123]]>
              </value>
            </param>
            <param index="4">
              <value>
                <![CDATA[Test@123]]>
              </value>
            </param>
            <param index="5">
              <value>
                <![CDATA[FAIL]]>
              </value>
            </param>
          </params>
          <reporter-output>
          </reporter-output>
        </test-method> <!-- verifyRegistration -->
        <test-method is-config="true" signature="tearDown()[pri:0, instance:com.faiz.automation.tests.RegistrationTest@72967906]" started-at="2026-06-14T01:39:23 IST" name="tearDown" finished-at="2026-06-14T01:39:24 IST" duration-ms="987" status="PASS">
          <reporter-output>
          </reporter-output>
        </test-method> <!-- tearDown -->
        <test-method is-config="true" signature="setUp()[pri:0, instance:com.faiz.automation.tests.RegistrationTest@72967906]" started-at="2026-06-14T01:39:24 IST" name="setUp" finished-at="2026-06-14T01:39:28 IST" duration-ms="3360" status="PASS">
          <reporter-output>
          </reporter-output>
        </test-method> <!-- setUp -->
        <test-method signature="verifyRegistration(java.lang.String,java.lang.String,java.lang.String,java.lang.String,java.lang.String,java.lang.String)[pri:0, instance:com.faiz.automation.tests.RegistrationTest@72967906]" started-at="2026-06-14T01:39:28 IST" name="verifyRegistration" data-provider="registrationData" finished-at="2026-06-14T01:39:39 IST" duration-ms="11203" status="PASS">
          <params>
            <param index="0">
              <value>
                <![CDATA[Faiz]]>
              </value>
            </param>
            <param index="1">
              <value>
                <![CDATA[Dafedar]]>
              </value>
            </param>
            <param index="2">
              <value>
                <![CDATA[faiz@gmail]]>
              </value>
            </param>
            <param index="3">
              <value>
                <![CDATA[Test@123]]>
              </value>
            </param>
            <param index="4">
              <value>
                <![CDATA[Test@123]]>
              </value>
            </param>
            <param index="5">
              <value>
                <![CDATA[FAIL]]>
              </value>
            </param>
          </params>
          <reporter-output>
          </reporter-output>
        </test-method> <!-- verifyRegistration -->
        <test-method is-config="true" signature="tearDown()[pri:0, instance:com.faiz.automation.tests.RegistrationTest@72967906]" started-at="2026-06-14T01:39:39 IST" name="tearDown" finished-at="2026-06-14T01:39:40 IST" duration-ms="903" status="PASS">
          <reporter-output>
          </reporter-output>
        </test-method> <!-- tearDown -->
        <test-method is-config="true" signature="setUp()[pri:0, instance:com.faiz.automation.tests.RegistrationTest@72967906]" started-at="2026-06-14T01:39:40 IST" name="setUp" finished-at="2026-06-14T01:39:44 IST" duration-ms="3651" status="PASS">
          <reporter-output>
          </reporter-output>
        </test-method> <!-- setUp -->
        <test-method signature="verifyRegistration(java.lang.String,java.lang.String,java.lang.String,java.lang.String,java.lang.String,java.lang.String)[pri:0, instance:com.faiz.automation.tests.RegistrationTest@72967906]" started-at="2026-06-14T01:39:44 IST" name="verifyRegistration" data-provider="registrationData" finished-at="2026-06-14T01:39:55 IST" duration-ms="11239" status="PASS">
          <params>
            <param index="0">
              <value>
                <![CDATA[Faiz]]>
              </value>
            </param>
            <param index="1">
              <value>
                <![CDATA[Dafedar]]>
              </value>
            </param>
            <param index="2">
              <value>
                <![CDATA[]]>
              </value>
            </param>
            <param index="3">
              <value>
                <![CDATA[]]>
              </value>
            </param>
            <param index="4">
              <value>
                <![CDATA[]]>
              </value>
            </param>
            <param index="5">
              <value>
                <![CDATA[FAIL]]>
              </value>
            </param>
          </params>
          <reporter-output>
          </reporter-output>
        </test-method> <!-- verifyRegistration -->
        <test-method is-config="true" signature="tearDown()[pri:0, instance:com.faiz.automation.tests.RegistrationTest@72967906]" started-at="2026-06-14T01:39:55 IST" name="tearDown" finished-at="2026-06-14T01:39:55 IST" duration-ms="507" status="PASS">
          <reporter-output>
          </reporter-output>
        </test-method> <!-- tearDown -->
        <test-method is-config="true" signature="setUp()[pri:0, instance:com.faiz.automation.tests.RegistrationTest@72967906]" started-at="2026-06-14T01:39:55 IST" name="setUp" finished-at="2026-06-14T01:39:59 IST" duration-ms="3224" status="PASS">
          <reporter-output>
          </reporter-output>
        </test-method> <!-- setUp -->
        <test-method signature="verifyRegistration(java.lang.String,java.lang.String,java.lang.String,java.lang.String,java.lang.String,java.lang.String)[pri:0, instance:com.faiz.automation.tests.RegistrationTest@72967906]" started-at="2026-06-14T01:39:59 IST" name="verifyRegistration" data-provider="registrationData" finished-at="2026-06-14T01:40:10 IST" duration-ms="11242" status="PASS">
          <params>
            <param index="0">
              <value>
                <![CDATA[Faiz]]>
              </value>
            </param>
            <param index="1">
              <value>
                <![CDATA[Dafedar]]>
              </value>
            </param>
            <param index="2">
              <value>
                <![CDATA[faiz@gmail.com]]>
              </value>
            </param>
            <param index="3">
              <value>
                <![CDATA[12345]]>
              </value>
            </param>
            <param index="4">
              <value>
                <![CDATA[12345]]>
              </value>
            </param>
            <param index="5">
              <value>
                <![CDATA[FAIL]]>
              </value>
            </param>
          </params>
          <reporter-output>
          </reporter-output>
        </test-method> <!-- verifyRegistration -->
        <test-method is-config="true" signature="tearDown()[pri:0, instance:com.faiz.automation.tests.RegistrationTest@72967906]" started-at="2026-06-14T01:40:10 IST" name="tearDown" finished-at="2026-06-14T01:40:11 IST" duration-ms="1184" status="PASS">
          <reporter-output>
          </reporter-output>
        </test-method> <!-- tearDown -->
        <test-method is-config="true" signature="setUp()[pri:0, instance:com.faiz.automation.tests.RegistrationTest@72967906]" started-at="2026-06-14T01:40:11 IST" name="setUp" finished-at="2026-06-14T01:40:17 IST" duration-ms="6359" status="PASS">
          <reporter-output>
          </reporter-output>
        </test-method> <!-- setUp -->
        <test-method signature="verifyRegistration(java.lang.String,java.lang.String,java.lang.String,java.lang.String,java.lang.String,java.lang.String)[pri:0, instance:com.faiz.automation.tests.RegistrationTest@72967906]" started-at="2026-06-14T01:40:17 IST" name="verifyRegistration" data-provider="registrationData" finished-at="2026-06-14T01:40:29 IST" duration-ms="11405" status="PASS">
          <params>
            <param index="0">
              <value>
                <![CDATA[Faiz]]>
              </value>
            </param>
            <param index="1">
              <value>
                <![CDATA[Dafedar]]>
              </value>
            </param>
            <param index="2">
              <value>
                <![CDATA[faiz@gmail.com]]>
              </value>
            </param>
            <param index="3">
              <value>
                <![CDATA[Test@123]]>
              </value>
            </param>
            <param index="4">
              <value>
                <![CDATA[Test@124]]>
              </value>
            </param>
            <param index="5">
              <value>
                <![CDATA[FAIL]]>
              </value>
            </param>
          </params>
          <reporter-output>
          </reporter-output>
        </test-method> <!-- verifyRegistration -->
        <test-method is-config="true" signature="tearDown()[pri:0, instance:com.faiz.automation.tests.RegistrationTest@72967906]" started-at="2026-06-14T01:40:29 IST" name="tearDown" finished-at="2026-06-14T01:40:29 IST" duration-ms="277" status="PASS">
          <reporter-output>
          </reporter-output>
        </test-method> <!-- tearDown -->
      </class> <!-- com.faiz.automation.tests.RegistrationTest -->
      <class name="com.faiz.automation.tests.NotebookOrderTest">
        <test-method is-config="true" signature="setUp()[pri:0, instance:com.faiz.automation.tests.NotebookOrderTest@33d512c1]" started-at="2026-06-14T01:37:51 IST" name="setUp" finished-at="2026-06-14T01:37:54 IST" duration-ms="3261" status="PASS">
          <reporter-output>
          </reporter-output>
        </test-method> <!-- setUp -->
        <test-method signature="selectNotebookAndPlaceOrder()[pri:0, instance:com.faiz.automation.tests.NotebookOrderTest@33d512c1]" started-at="2026-06-14T01:37:54 IST" name="selectNotebookAndPlaceOrder" finished-at="2026-06-14T01:38:20 IST" duration-ms="25203" status="PASS">
          <reporter-output>
          </reporter-output>
        </test-method> <!-- selectNotebookAndPlaceOrder -->
        <test-method is-config="true" signature="tearDown()[pri:0, instance:com.faiz.automation.tests.NotebookOrderTest@33d512c1]" started-at="2026-06-14T01:38:20 IST" name="tearDown" finished-at="2026-06-14T01:38:21 IST" duration-ms="1057" status="PASS">
          <reporter-output>
          </reporter-output>
        </test-method> <!-- tearDown -->
      </class> <!-- com.faiz.automation.tests.NotebookOrderTest -->
    </test> <!-- AutomationTests -->
  </suite> <!-- AutomationSuite -->
</testng-results>
