<?xml version="1.0" encoding="UTF-8"?>
<testsuite xmlns:xsi="http://www.w3.org/2001/XMLSchema-instance" xsi:noNamespaceSchemaLocation="https://maven.apache.org/surefire/maven-surefire-plugin/xsd/surefire-test-report.xsd" version="3.0.2" name="com.faiz.automation.tests.RegistrationTest" time="301.896" tests="20" errors="0" skipped="14" failures="1">
  <properties>
[...]
</properties>
  <testcase name="verifyRegistration[Faiz, Dafedar, faiz12345@gmail.com, Test@123, Test@123, PASS](1)" classname="com.faiz.automation.tests.RegistrationTest" time="3.368">
    <system-out><![CDATA[FirstName=Faiz, LastName=Dafedar, Email=faiz12345@gmail.com, Expected=PASS, Actual=true
]]></system-out>
    <system-err><![CDATA[May 31, 2026 11:04:17 PM org.openqa.selenium.devtools.CdpVersionFinder findNearestMatch
WARNING: Unable to find CDP implementation matching 149
May 31, 2026 11:04:17 PM org.openqa.selenium.chromium.ChromiumDriver lambda$new$4
WARNING: Unable to find version of CDP to use for 149.0.7827.54. You may need to include a dependency on a specific version of the CDP using something similar to `org.seleniumhq.selenium:selenium-devtools-v86:4.31.0` where the version ("v86") matches the version of the chromium-based browser you're using and the version number of the artifact is the same as Selenium's.
]]></system-err>
  </testcase>
  <testcase name="verifyRegistration[F, Dafedar, faiz1@gmail.com, Test@123, Test@123, PASS](2)" classname="com.faiz.automation.tests.RegistrationTest" time="4.392">
    <system-out><![CDATA[FirstName=F, LastName=Dafedar, Email=faiz1@gmail.com, Expected=PASS, Actual=true
]]></system-out>
    <system-err><![CDATA[May 31, 2026 11:04:32 PM org.openqa.selenium.devtools.CdpVersionFinder findNearestMatch
WARNING: Unable to find CDP implementation matching 149
May 31, 2026 11:04:32 PM org.openqa.selenium.chromium.ChromiumDriver lambda$new$4
WARNING: Unable to find version of CDP to use for 149.0.7827.54. You may need to include a dependency on a specific version of the CDP using something similar to `org.seleniumhq.selenium:selenium-devtools-v86:4.31.0` where the version ("v86") matches the version of the chromium-based browser you're using and the version number of the artifact is the same as Selenium's.
]]></system-err>
  </testcase>
  <testcase name="verifyRegistration[, Dafedar, faiz@gmail.com, Test@123, Test@123, FAIL](3)" classname="com.faiz.automation.tests.RegistrationTest" time="13.436">
    <system-out><![CDATA[FirstName=, LastName=Dafedar, Email=faiz@gmail.com, Expected=FAIL, Actual=false
]]></system-out>
    <system-err><![CDATA[May 31, 2026 11:04:43 PM org.openqa.selenium.devtools.CdpVersionFinder findNearestMatch
WARNING: Unable to find CDP implementation matching 149
May 31, 2026 11:04:43 PM org.openqa.selenium.chromium.ChromiumDriver lambda$new$4
WARNING: Unable to find version of CDP to use for 149.0.7827.54. You may need to include a dependency on a specific version of the CDP using something similar to `org.seleniumhq.selenium:selenium-devtools-v86:4.31.0` where the version ("v86") matches the version of the chromium-based browser you're using and the version number of the artifact is the same as Selenium's.
]]></system-err>
  </testcase>
  <testcase name="verifyRegistration[Faiz, , faiz@gmail.com, Test@123, Test@123, FAIL](4)" classname="com.faiz.automation.tests.RegistrationTest" time="13.724">
    <system-out><![CDATA[FirstName=Faiz, LastName=, Email=faiz@gmail.com, Expected=FAIL, Actual=false
]]></system-out>
    <system-err><![CDATA[May 31, 2026 11:05:05 PM org.openqa.selenium.devtools.CdpVersionFinder findNearestMatch
WARNING: Unable to find CDP implementation matching 149
May 31, 2026 11:05:05 PM org.openqa.selenium.chromium.ChromiumDriver lambda$new$4
WARNING: Unable to find version of CDP to use for 149.0.7827.54. You may need to include a dependency on a specific version of the CDP using something similar to `org.seleniumhq.selenium:selenium-devtools-v86:4.31.0` where the version ("v86") matches the version of the chromium-based browser you're using and the version number of the artifact is the same as Selenium's.
]]></system-err>
  </testcase>
  <testcase name="verifyRegistration[Faiz, Dafedar, , Test@123, Test@123, FAIL](5)" classname="com.faiz.automation.tests.RegistrationTest" time="14.158">
    <system-out><![CDATA[FirstName=Faiz, LastName=Dafedar, Email=, Expected=FAIL, Actual=false
]]></system-out>
    <system-err><![CDATA[May 31, 2026 11:05:34 PM org.openqa.selenium.devtools.CdpVersionFinder findNearestMatch
WARNING: Unable to find CDP implementation matching 149
May 31, 2026 11:05:34 PM org.openqa.selenium.chromium.ChromiumDriver lambda$new$4
WARNING: Unable to find version of CDP to use for 149.0.7827.54. You may need to include a dependency on a specific version of the CDP using something similar to `org.seleniumhq.selenium:selenium-devtools-v86:4.31.0` where the version ("v86") matches the version of the chromium-based browser you're using and the version number of the artifact is the same as Selenium's.
]]></system-err>
  </testcase>
  <testcase name="setUp" classname="com.faiz.automation.tests.RegistrationTest" time="196.212">
    <failure message="java.util.concurrent.TimeoutException&#10;Build info: version: &apos;4.31.0&apos;, revision: &apos;1ef9f18787*&apos;&#10;System info: os.name: &apos;Windows 11&apos;, os.arch: &apos;amd64&apos;, os.version: &apos;10.0&apos;, java.version: &apos;21.0.9&apos;&#10;Driver info: org.openqa.selenium.chrome.ChromeDriver&#10;Command: [490de8760f313acd121b317ace69bb24, get {url=https://demowebshop.tricentis.com/}]&#10;Capabilities {acceptInsecureCerts: false, browserName: chrome, browserVersion: 149.0.7827.54, chrome: {chromedriverVersion: 149.0.7827.54 (42ce21f112d0..., userDataDir: C:\Users\faizd\AppData\Loca...}, fedcm:accounts: true, goog:chromeOptions: {debuggerAddress: localhost:50887}, goog:processID: 22076, networkConnectionEnabled: false, pageLoadStrategy: normal, platformName: windows, proxy: Proxy(), se:cdp: ws://localhost:50887/devtoo..., se:cdpVersion: 149.0.7827.54, setWindowRect: true, strictFileInteractability: false, timeouts: {implicit: 0, pageLoad: 300000, script: 30000}, unhandledPromptBehavior: dismiss and notify, webauthn:extension:credBlob: true, webauthn:extension:largeBlob: true, webauthn:extension:minPinLength: true, webauthn:extension:prf: true, webauthn:virtualAuthenticators: true}&#10;Session ID: 490de8760f313acd121b317ace69bb24" type="org.openqa.selenium.TimeoutException"><![CDATA[org.openqa.selenium.TimeoutException: 
java.util.concurrent.TimeoutException
Build info: version: '4.31.0', revision: '1ef9f18787*'
System info: os.name: 'Windows 11', os.arch: 'amd64', os.version: '10.0', java.version: '21.0.9'
Driver info: org.openqa.selenium.chrome.ChromeDriver
Command: [490de8760f313acd121b317ace69bb24, get {url=https://demowebshop.tricentis.com/}]
Capabilities {acceptInsecureCerts: false, browserName: chrome, browserVersion: 149.0.7827.54, chrome: {chromedriverVersion: 149.0.7827.54 (42ce21f112d0..., userDataDir: C:\Users\faizd\AppData\Loca...}, fedcm:accounts: true, goog:chromeOptions: {debuggerAddress: localhost:50887}, goog:processID: 22076, networkConnectionEnabled: false, pageLoadStrategy: normal, platformName: windows, proxy: Proxy(), se:cdp: ws://localhost:50887/devtoo..., se:cdpVersion: 149.0.7827.54, setWindowRect: true, strictFileInteractability: false, timeouts: {implicit: 0, pageLoad: 300000, script: 30000}, unhandledPromptBehavior: dismiss and notify, webauthn:extension:credBlob: true, webauthn:extension:largeBlob: true, webauthn:extension:minPinLength: true, webauthn:extension:prf: true, webauthn:virtualAuthenticators: true}
Session ID: 490de8760f313acd121b317ace69bb24
	at org.openqa.selenium.remote.http.jdk.JdkHttpClient.execute(JdkHttpClient.java:424)
	at org.openqa.selenium.remote.HttpCommandExecutor.execute(HttpCommandExecutor.java:212)
	at org.openqa.selenium.remote.service.DriverCommandExecutor.invokeExecute(DriverCommandExecutor.java:216)
	at org.openqa.selenium.remote.service.DriverCommandExecutor.execute(DriverCommandExecutor.java:174)
	at org.openqa.selenium.remote.RemoteWebDriver.execute(RemoteWebDriver.java:545)
	at org.openqa.selenium.remote.RemoteWebDriver.get(RemoteWebDriver.java:313)
	at com.faiz.automation.base.BaseTest.setUp(BaseTest.java:24)
	at java.base/jdk.internal.reflect.DirectMethodHandleAccessor.invoke(DirectMethodHandleAccessor.java:103)
	at java.base/java.lang.reflect.Method.invoke(Method.java:580)
	at org.testng.internal.invokers.MethodInvocationHelper.invokeMethod(MethodInvocationHelper.java:141)
	at org.testng.internal.invokers.MethodInvocationHelper.invokeMethodConsideringTimeout(MethodInvocationHelper.java:71)
	at org.testng.internal.invokers.ConfigInvoker.invokeConfigurationMethod(ConfigInvoker.java:400)
	at org.testng.internal.invokers.ConfigInvoker.invokeConfigurations(ConfigInvoker.java:333)
	at org.testng.internal.invokers.TestInvoker.runConfigMethods(TestInvoker.java:836)
	at org.testng.internal.invokers.TestInvoker.invokeMethod(TestInvoker.java:601)
	at org.testng.internal.invokers.TestInvoker.invokeTestMethod(TestInvoker.java:230)
	at org.testng.internal.invokers.MethodRunner.runInSequence(MethodRunner.java:63)
	at org.testng.internal.invokers.TestInvoker$MethodInvocationAgent.invoke(TestInvoker.java:995)
	at org.testng.internal.invokers.TestInvoker.invokeTestMethods(TestInvoker.java:203)
	at org.testng.internal.invokers.TestMethodWorker.invokeTestMethods(TestMethodWorker.java:154)
	at org.testng.internal.invokers.TestMethodWorker.run(TestMethodWorker.java:134)
	at java.base/java.util.ArrayList.forEach(ArrayList.java:1596)
	at org.testng.TestRunner.privateRun(TestRunner.java:741)
	at org.testng.TestRunner.run(TestRunner.java:616)
	at org.testng.SuiteRunner.runTest(SuiteRunner.java:421)
	at org.testng.SuiteRunner.runSequentially(SuiteRunner.java:413)
	at org.testng.SuiteRunner.privateRun(SuiteRunner.java:373)
	at org.testng.SuiteRunner.run(SuiteRunner.java:312)
	at org.testng.SuiteRunnerWorker.runSuite(SuiteRunnerWorker.java:52)
	at org.testng.SuiteRunnerWorker.run(SuiteRunnerWorker.java:95)
	at org.testng.TestNG.runSuitesSequentially(TestNG.java:1274)
	at org.testng.TestNG.runSuitesLocally(TestNG.java:1208)
	at org.testng.TestNG.runSuites(TestNG.java:1112)
	at org.testng.TestNG.run(TestNG.java:1079)
	at org.apache.maven.surefire.testng.TestNGExecutor.run(TestNGExecutor.java:155)
	at org.apache.maven.surefire.testng.TestNGDirectoryTestSuite.executeSingleClass(TestNGDirectoryTestSuite.java:102)
	at org.apache.maven.surefire.testng.TestNGDirectoryTestSuite.execute(TestNGDirectoryTestSuite.java:91)
	at org.apache.maven.surefire.testng.TestNGProvider.invoke(TestNGProvider.java:137)
	at org.apache.maven.surefire.booter.ForkedBooter.runSuitesInProcess(ForkedBooter.java:385)
	at org.apache.maven.surefire.booter.ForkedBooter.execute(ForkedBooter.java:162)
	at org.apache.maven.surefire.booter.ForkedBooter.run(ForkedBooter.java:507)
	at org.apache.maven.surefire.booter.ForkedBooter.main(ForkedBooter.java:495)
Caused by: java.util.concurrent.TimeoutException
	at java.base/java.util.concurrent.CompletableFuture$Timeout.run(CompletableFuture.java:2920)
	at java.base/java.util.concurrent.Executors$RunnableAdapter.call(Executors.java:572)
	at java.base/java.util.concurrent.FutureTask.run(FutureTask.java:317)
	at java.base/java.util.concurrent.ScheduledThreadPoolExecutor$ScheduledFutureTask.run(ScheduledThreadPoolExecutor.java:304)
	at java.base/java.util.concurrent.ThreadPoolExecutor.runWorker(ThreadPoolExecutor.java:1144)
	at java.base/java.util.concurrent.ThreadPoolExecutor$Worker.run(ThreadPoolExecutor.java:642)
	at java.base/java.lang.Thread.run(Thread.java:1583)
]]></failure>
    <system-err><![CDATA[May 31, 2026 11:06:14 PM org.openqa.selenium.devtools.CdpVersionFinder findNearestMatch
WARNING: Unable to find CDP implementation matching 149
May 31, 2026 11:06:14 PM org.openqa.selenium.chromium.ChromiumDriver lambda$new$4
WARNING: Unable to find version of CDP to use for 149.0.7827.54. You may need to include a dependency on a specific version of the CDP using something similar to `org.seleniumhq.selenium:selenium-devtools-v86:4.31.0` where the version ("v86") matches the version of the chromium-based browser you're using and the version number of the artifact is the same as Selenium's.
]]></system-err>
  </testcase>
  <testcase name="setUp" classname="com.faiz.automation.tests.RegistrationTest" time="0.0">
    <skipped/>
  </testcase>
  <testcase name="setUp" classname="com.faiz.automation.tests.RegistrationTest" time="0.0">
    <skipped/>
  </testcase>
  <testcase name="setUp" classname="com.faiz.automation.tests.RegistrationTest" time="0.0">
    <skipped/>
  </testcase>
  <testcase name="setUp" classname="com.faiz.automation.tests.RegistrationTest" time="0.0">
    <skipped/>
  </testcase>
  <testcase name="verifyRegistration[Faiz, Dafedar, invalidemail, Test@123, Test@123, FAIL](6)" classname="com.faiz.automation.tests.RegistrationTest" time="0.0">
    <skipped message="java.util.concurrent.TimeoutException&#10;Build info: version: &apos;4.31.0&apos;, revision: &apos;1ef9f18787*&apos;&#10;System info: os.name: &apos;Windows 11&apos;, os.arch: &apos;amd64&apos;, os.version: &apos;10.0&apos;, java.version: &apos;21.0.9&apos;&#10;Driver info: org.openqa.selenium.chrome.ChromeDriver&#10;Command: [490de8760f313acd121b317ace69bb24, get {url=https://demowebshop.tricentis.com/}]&#10;Capabilities {acceptInsecureCerts: false, browserName: chrome, browserVersion: 149.0.7827.54, chrome: {chromedriverVersion: 149.0.7827.54 (42ce21f112d0..., userDataDir: C:\Users\faizd\AppData\Loca...}, fedcm:accounts: true, goog:chromeOptions: {debuggerAddress: localhost:50887}, goog:processID: 22076, networkConnectionEnabled: false, pageLoadStrategy: normal, platformName: windows, proxy: Proxy(), se:cdp: ws://localhost:50887/devtoo..., se:cdpVersion: 149.0.7827.54, setWindowRect: true, strictFileInteractability: false, timeouts: {implicit: 0, pageLoad: 300000, script: 30000}, unhandledPromptBehavior: dismiss and notify, webauthn:extension:credBlob: true, webauthn:extension:largeBlob: true, webauthn:extension:minPinLength: true, webauthn:extension:prf: true, webauthn:virtualAuthenticators: true}&#10;Session ID: 490de8760f313acd121b317ace69bb24"/>
  </testcase>
  <testcase name="tearDown" classname="com.faiz.automation.tests.RegistrationTest" time="0.0">
    <skipped/>
  </testcase>
  <testcase name="tearDown" classname="com.faiz.automation.tests.RegistrationTest" time="0.0">
    <skipped/>
  </testcase>
  <testcase name="tearDown" classname="com.faiz.automation.tests.RegistrationTest" time="0.0">
    <skipped/>
  </testcase>
  <testcase name="tearDown" classname="com.faiz.automation.tests.RegistrationTest" time="0.0">
    <skipped/>
  </testcase>
  <testcase name="tearDown" classname="com.faiz.automation.tests.RegistrationTest" time="0.0">
    <skipped/>
  </testcase>
  <testcase name="verifyRegistration[Faiz, Dafedar, faiz@gmail, Test@123, Test@123, FAIL](7)" classname="com.faiz.automation.tests.RegistrationTest" time="0.0">
    <skipped message="java.util.concurrent.TimeoutException&#10;Build info: version: &apos;4.31.0&apos;, revision: &apos;1ef9f18787*&apos;&#10;System info: os.name: &apos;Windows 11&apos;, os.arch: &apos;amd64&apos;, os.version: &apos;10.0&apos;, java.version: &apos;21.0.9&apos;&#10;Driver info: org.openqa.selenium.chrome.ChromeDriver&#10;Command: [490de8760f313acd121b317ace69bb24, get {url=https://demowebshop.tricentis.com/}]&#10;Capabilities {acceptInsecureCerts: false, browserName: chrome, browserVersion: 149.0.7827.54, chrome: {chromedriverVersion: 149.0.7827.54 (42ce21f112d0..., userDataDir: C:\Users\faizd\AppData\Loca...}, fedcm:accounts: true, goog:chromeOptions: {debuggerAddress: localhost:50887}, goog:processID: 22076, networkConnectionEnabled: false, pageLoadStrategy: normal, platformName: windows, proxy: Proxy(), se:cdp: ws://localhost:50887/devtoo..., se:cdpVersion: 149.0.7827.54, setWindowRect: true, strictFileInteractability: false, timeouts: {implicit: 0, pageLoad: 300000, script: 30000}, unhandledPromptBehavior: dismiss and notify, webauthn:extension:credBlob: true, webauthn:extension:largeBlob: true, webauthn:extension:minPinLength: true, webauthn:extension:prf: true, webauthn:virtualAuthenticators: true}&#10;Session ID: 490de8760f313acd121b317ace69bb24"/>
  </testcase>
  <testcase name="verifyRegistration[Faiz, Dafedar, , , , FAIL](8)" classname="com.faiz.automation.tests.RegistrationTest" time="0.0">
    <skipped message="java.util.concurrent.TimeoutException&#10;Build info: version: &apos;4.31.0&apos;, revision: &apos;1ef9f18787*&apos;&#10;System info: os.name: &apos;Windows 11&apos;, os.arch: &apos;amd64&apos;, os.version: &apos;10.0&apos;, java.version: &apos;21.0.9&apos;&#10;Driver info: org.openqa.selenium.chrome.ChromeDriver&#10;Command: [490de8760f313acd121b317ace69bb24, get {url=https://demowebshop.tricentis.com/}]&#10;Capabilities {acceptInsecureCerts: false, browserName: chrome, browserVersion: 149.0.7827.54, chrome: {chromedriverVersion: 149.0.7827.54 (42ce21f112d0..., userDataDir: C:\Users\faizd\AppData\Loca...}, fedcm:accounts: true, goog:chromeOptions: {debuggerAddress: localhost:50887}, goog:processID: 22076, networkConnectionEnabled: false, pageLoadStrategy: normal, platformName: windows, proxy: Proxy(), se:cdp: ws://localhost:50887/devtoo..., se:cdpVersion: 149.0.7827.54, setWindowRect: true, strictFileInteractability: false, timeouts: {implicit: 0, pageLoad: 300000, script: 30000}, unhandledPromptBehavior: dismiss and notify, webauthn:extension:credBlob: true, webauthn:extension:largeBlob: true, webauthn:extension:minPinLength: true, webauthn:extension:prf: true, webauthn:virtualAuthenticators: true}&#10;Session ID: 490de8760f313acd121b317ace69bb24"/>
  </testcase>
  <testcase name="verifyRegistration[Faiz, Dafedar, faiz@gmail.com, 12345, 12345, FAIL](9)" classname="com.faiz.automation.tests.RegistrationTest" time="0.0">
    <skipped message="java.util.concurrent.TimeoutException&#10;Build info: version: &apos;4.31.0&apos;, revision: &apos;1ef9f18787*&apos;&#10;System info: os.name: &apos;Windows 11&apos;, os.arch: &apos;amd64&apos;, os.version: &apos;10.0&apos;, java.version: &apos;21.0.9&apos;&#10;Driver info: org.openqa.selenium.chrome.ChromeDriver&#10;Command: [490de8760f313acd121b317ace69bb24, get {url=https://demowebshop.tricentis.com/}]&#10;Capabilities {acceptInsecureCerts: false, browserName: chrome, browserVersion: 149.0.7827.54, chrome: {chromedriverVersion: 149.0.7827.54 (42ce21f112d0..., userDataDir: C:\Users\faizd\AppData\Loca...}, fedcm:accounts: true, goog:chromeOptions: {debuggerAddress: localhost:50887}, goog:processID: 22076, networkConnectionEnabled: false, pageLoadStrategy: normal, platformName: windows, proxy: Proxy(), se:cdp: ws://localhost:50887/devtoo..., se:cdpVersion: 149.0.7827.54, setWindowRect: true, strictFileInteractability: false, timeouts: {implicit: 0, pageLoad: 300000, script: 30000}, unhandledPromptBehavior: dismiss and notify, webauthn:extension:credBlob: true, webauthn:extension:largeBlob: true, webauthn:extension:minPinLength: true, webauthn:extension:prf: true, webauthn:virtualAuthenticators: true}&#10;Session ID: 490de8760f313acd121b317ace69bb24"/>
  </testcase>
  <testcase name="verifyRegistration[Faiz, Dafedar, faiz@gmail.com, Test@123, Test@124, FAIL](10)" classname="com.faiz.automation.tests.RegistrationTest" time="0.0">
    <skipped message="java.util.concurrent.TimeoutException&#10;Build info: version: &apos;4.31.0&apos;, revision: &apos;1ef9f18787*&apos;&#10;System info: os.name: &apos;Windows 11&apos;, os.arch: &apos;amd64&apos;, os.version: &apos;10.0&apos;, java.version: &apos;21.0.9&apos;&#10;Driver info: org.openqa.selenium.chrome.ChromeDriver&#10;Command: [490de8760f313acd121b317ace69bb24, get {url=https://demowebshop.tricentis.com/}]&#10;Capabilities {acceptInsecureCerts: false, browserName: chrome, browserVersion: 149.0.7827.54, chrome: {chromedriverVersion: 149.0.7827.54 (42ce21f112d0..., userDataDir: C:\Users\faizd\AppData\Loca...}, fedcm:accounts: true, goog:chromeOptions: {debuggerAddress: localhost:50887}, goog:processID: 22076, networkConnectionEnabled: false, pageLoadStrategy: normal, platformName: windows, proxy: Proxy(), se:cdp: ws://localhost:50887/devtoo..., se:cdpVersion: 149.0.7827.54, setWindowRect: true, strictFileInteractability: false, timeouts: {implicit: 0, pageLoad: 300000, script: 30000}, unhandledPromptBehavior: dismiss and notify, webauthn:extension:credBlob: true, webauthn:extension:largeBlob: true, webauthn:extension:minPinLength: true, webauthn:extension:prf: true, webauthn:virtualAuthenticators: true}&#10;Session ID: 490de8760f313acd121b317ace69bb24"/>
  </testcase>
</testsuite>