<?xml version="1.0" encoding="UTF-8"?>
<testng-results ignored="0" total="28" passed="28" failed="0" skipped="0">
  <reporter-output>
  </reporter-output>
  <suite started-at="2026-06-14T15:14:44 IST" name="AutomationSuite" finished-at="2026-06-14T15:20:06 IST" duration-ms="321550">
    <groups>
    </groups>
    <test started-at="2026-06-14T15:14:44 IST" name="AutomationTests" finished-at="2026-06-14T15:20:06 IST" duration-ms="321550">
      <class name="com.faiz.automation.tests.NewsletterTest">
        <test-method is-config="true" signature="setUp()[pri:0, instance:com.faiz.automation.tests.NewsletterTest@5fe94a96]" started-at="2026-06-14T15:16:28 IST" name="setUp" finished-at="2026-06-14T15:16:34 IST" duration-ms="5300" status="PASS">
          <reporter-output>
          </reporter-output>
        </test-method> <!-- setUp -->
        <test-method signature="verifyNewsletterSubscription(java.lang.String)[pri:0, instance:com.faiz.automation.tests.NewsletterTest@5fe94a96]" started-at="2026-06-14T15:16:34 IST" name="verifyNewsletterSubscription" data-provider="newsletterData" finished-at="2026-06-14T15:16:36 IST" duration-ms="1955" status="PASS">
          <params>
            <param index="0">
              <value>
                <![CDATA[faiz@test.com]]>
              </value>
            </param>
          </params>
          <reporter-output>
          </reporter-output>
        </test-method> <!-- verifyNewsletterSubscription -->
        <test-method is-config="true" signature="tearDown()[pri:0, instance:com.faiz.automation.tests.NewsletterTest@5fe94a96]" started-at="2026-06-14T15:16:36 IST" name="tearDown" finished-at="2026-06-14T15:16:36 IST" duration-ms="865" status="PASS">
          <reporter-output>
          </reporter-output>
        </test-method> <!-- tearDown -->
        <test-method is-config="true" signature="setUp()[pri:0, instance:com.faiz.automation.tests.NewsletterTest@5fe94a96]" started-at="2026-06-14T15:16:36 IST" name="setUp" finished-at="2026-06-14T15:16:43 IST" duration-ms="6974" status="PASS">
          <reporter-output>
          </reporter-output>
        </test-method> <!-- setUp -->
        <test-method signature="verifyNewsletterSubscription(java.lang.String)[pri:0, instance:com.faiz.automation.tests.NewsletterTest@5fe94a96]" started-at="2026-06-14T15:16:43 IST" name="verifyNewsletterSubscription" data-provider="newsletterData" finished-at="2026-06-14T15:16:46 IST" duration-ms="2252" status="PASS">
          <params>
            <param index="0">
              <value>
                <![CDATA[john@test.com]]>
              </value>
            </param>
          </params>
          <reporter-output>
          </reporter-output>
        </test-method> <!-- verifyNewsletterSubscription -->
        <test-method is-config="true" signature="tearDown()[pri:0, instance:com.faiz.automation.tests.NewsletterTest@5fe94a96]" started-at="2026-06-14T15:16:46 IST" name="tearDown" finished-at="2026-06-14T15:16:47 IST" duration-ms="1187" status="PASS">
          <reporter-output>
          </reporter-output>
        </test-method> <!-- tearDown -->
        <test-method is-config="true" signature="setUp()[pri:0, instance:com.faiz.automation.tests.NewsletterTest@5fe94a96]" started-at="2026-06-14T15:16:47 IST" name="setUp" finished-at="2026-06-14T15:16:50 IST" duration-ms="3161" status="PASS">
          <reporter-output>
          </reporter-output>
        </test-method> <!-- setUp -->
        <test-method signature="verifyNewsletterSubscription(java.lang.String)[pri:0, instance:com.faiz.automation.tests.NewsletterTest@5fe94a96]" started-at="2026-06-14T15:16:50 IST" name="verifyNewsletterSubscription" data-provider="newsletterData" finished-at="2026-06-14T15:16:55 IST" duration-ms="4685" status="PASS">
          <params>
            <param index="0">
              <value>
                <![CDATA[abc@gmail.com]]>
              </value>
            </param>
          </params>
          <reporter-output>
          </reporter-output>
        </test-method> <!-- verifyNewsletterSubscription -->
        <test-method is-config="true" signature="tearDown()[pri:0, instance:com.faiz.automation.tests.NewsletterTest@5fe94a96]" started-at="2026-06-14T15:16:55 IST" name="tearDown" finished-at="2026-06-14T15:16:56 IST" duration-ms="1260" status="PASS">
          <reporter-output>
          </reporter-output>
        </test-method> <!-- tearDown -->
        <test-method is-config="true" signature="setUp()[pri:0, instance:com.faiz.automation.tests.NewsletterTest@5fe94a96]" started-at="2026-06-14T15:16:56 IST" name="setUp" finished-at="2026-06-14T15:17:05 IST" duration-ms="8726" status="PASS">
          <reporter-output>
          </reporter-output>
        </test-method> <!-- setUp -->
        <test-method signature="verifyNewsletterSubscription(java.lang.String)[pri:0, instance:com.faiz.automation.tests.NewsletterTest@5fe94a96]" started-at="2026-06-14T15:17:05 IST" name="verifyNewsletterSubscription" data-provider="newsletterData" finished-at="2026-06-14T15:17:08 IST" duration-ms="3418" status="PASS">
          <params>
            <param index="0">
              <value>
                <![CDATA[invalidemail]]>
              </value>
            </param>
          </params>
          <reporter-output>
          </reporter-output>
        </test-method> <!-- verifyNewsletterSubscription -->
        <test-method is-config="true" signature="tearDown()[pri:0, instance:com.faiz.automation.tests.NewsletterTest@5fe94a96]" started-at="2026-06-14T15:17:08 IST" name="tearDown" finished-at="2026-06-14T15:17:14 IST" duration-ms="6072" status="PASS">
          <reporter-output>
          </reporter-output>
        </test-method> <!-- tearDown -->
      </class> <!-- com.faiz.automation.tests.NewsletterTest -->
      <class name="com.faiz.automation.tests.LoginTest">
        <test-method is-config="true" signature="setUp()[pri:0, instance:com.faiz.automation.tests.LoginTest@3590fc5b]" started-at="2026-06-14T15:14:44 IST" name="setUp" finished-at="2026-06-14T15:14:58 IST" duration-ms="13522" status="PASS">
          <reporter-output>
          </reporter-output>
        </test-method> <!-- setUp -->
        <test-method signature="verifyLogin()[pri:0, instance:com.faiz.automation.tests.LoginTest@3590fc5b]" started-at="2026-06-14T15:14:58 IST" name="verifyLogin" finished-at="2026-06-14T15:15:14 IST" duration-ms="16045" status="PASS">
          <reporter-output>
          </reporter-output>
        </test-method> <!-- verifyLogin -->
        <test-method is-config="true" signature="tearDown()[pri:0, instance:com.faiz.automation.tests.LoginTest@3590fc5b]" started-at="2026-06-14T15:15:14 IST" name="tearDown" finished-at="2026-06-14T15:15:27 IST" duration-ms="12954" status="PASS">
          <reporter-output>
          </reporter-output>
        </test-method> <!-- tearDown -->
      </class> <!-- com.faiz.automation.tests.LoginTest -->
      <class name="com.faiz.automation.tests.SearchTest">
        <test-method is-config="true" signature="setUp()[pri:0, instance:com.faiz.automation.tests.SearchTest@639c2c1d]" started-at="2026-06-14T15:16:00 IST" name="setUp" finished-at="2026-06-14T15:16:04 IST" duration-ms="4202" status="PASS">
          <reporter-output>
          </reporter-output>
        </test-method> <!-- setUp -->
        <test-method signature="verifyInvalidProductSearch()[pri:0, instance:com.faiz.automation.tests.SearchTest@639c2c1d]" started-at="2026-06-14T15:16:04 IST" name="verifyInvalidProductSearch" finished-at="2026-06-14T15:16:11 IST" duration-ms="6539" status="PASS">
          <reporter-output>
          </reporter-output>
        </test-method> <!-- verifyInvalidProductSearch -->
        <test-method is-config="true" signature="tearDown()[pri:0, instance:com.faiz.automation.tests.SearchTest@639c2c1d]" started-at="2026-06-14T15:16:11 IST" name="tearDown" finished-at="2026-06-14T15:16:11 IST" duration-ms="492" status="PASS">
          <reporter-output>
          </reporter-output>
        </test-method> <!-- tearDown -->
        <test-method is-config="true" signature="setUp()[pri:0, instance:com.faiz.automation.tests.SearchTest@639c2c1d]" started-at="2026-06-14T15:16:11 IST" name="setUp" finished-at="2026-06-14T15:16:19 IST" duration-ms="8145" status="PASS">
          <reporter-output>
          </reporter-output>
        </test-method> <!-- setUp -->
        <test-method signature="verifyValidProductSearch()[pri:0, instance:com.faiz.automation.tests.SearchTest@639c2c1d]" started-at="2026-06-14T15:16:19 IST" name="verifyValidProductSearch" finished-at="2026-06-14T15:16:22 IST" duration-ms="2724" status="PASS">
          <reporter-output>
          </reporter-output>
        </test-method> <!-- verifyValidProductSearch -->
        <test-method is-config="true" signature="tearDown()[pri:0, instance:com.faiz.automation.tests.SearchTest@639c2c1d]" started-at="2026-06-14T15:16:22 IST" name="tearDown" finished-at="2026-06-14T15:16:25 IST" duration-ms="2844" status="PASS">
          <reporter-output>
          </reporter-output>
        </test-method> <!-- tearDown -->
      </class> <!-- com.faiz.automation.tests.SearchTest -->
      <class name="com.faiz.automation.tests.TopMenuTabsTest">
        <test-method is-config="true" signature="setUp()[pri:0, instance:com.faiz.automation.tests.TopMenuTabsTest@515c6049]" started-at="2026-06-14T15:15:31 IST" name="setUp" finished-at="2026-06-14T15:15:41 IST" duration-ms="9329" status="PASS">
          <reporter-output>
          </reporter-output>
        </test-method> <!-- setUp -->
        <test-method signature="verifyApparelAndShoesMenuTab()[pri:0, instance:com.faiz.automation.tests.TopMenuTabsTest@515c6049]" started-at="2026-06-14T15:15:41 IST" name="verifyApparelAndShoesMenuTab" finished-at="2026-06-14T15:15:43 IST" duration-ms="1968" status="PASS">
          <reporter-output>
          </reporter-output>
        </test-method> <!-- verifyApparelAndShoesMenuTab -->
        <test-method is-config="true" signature="tearDown()[pri:0, instance:com.faiz.automation.tests.TopMenuTabsTest@515c6049]" started-at="2026-06-14T15:15:43 IST" name="tearDown" finished-at="2026-06-14T15:15:46 IST" duration-ms="3296" status="PASS">
          <reporter-output>
          </reporter-output>
        </test-method> <!-- tearDown -->
        <test-method is-config="true" signature="setUp()[pri:0, instance:com.faiz.automation.tests.TopMenuTabsTest@515c6049]" started-at="2026-06-14T15:15:46 IST" name="setUp" finished-at="2026-06-14T15:15:54 IST" duration-ms="8154" status="PASS">
          <reporter-output>
          </reporter-output>
        </test-method> <!-- setUp -->
        <test-method signature="verifyBooksMenuTab()[pri:0, instance:com.faiz.automation.tests.TopMenuTabsTest@515c6049]" started-at="2026-06-14T15:15:54 IST" name="verifyBooksMenuTab" finished-at="2026-06-14T15:15:57 IST" duration-ms="2860" status="PASS">
          <reporter-output>
          </reporter-output>
        </test-method> <!-- verifyBooksMenuTab -->
        <test-method is-config="true" signature="tearDown()[pri:0, instance:com.faiz.automation.tests.TopMenuTabsTest@515c6049]" started-at="2026-06-14T15:15:57 IST" name="tearDown" finished-at="2026-06-14T15:15:59 IST" duration-ms="2350" status="PASS">
          <reporter-output>
          </reporter-output>
        </test-method> <!-- tearDown -->
        <test-method is-config="true" signature="setUp()[pri:0, instance:com.faiz.automation.tests.TopMenuTabsTest@515c6049]" started-at="2026-06-14T15:15:59 IST" name="setUp" finished-at="2026-06-14T15:16:04 IST" duration-ms="4650" status="PASS">
          <reporter-output>
          </reporter-output>
        </test-method> <!-- setUp -->
        <test-method signature="verifyComputersMenuTab()[pri:0, instance:com.faiz.automation.tests.TopMenuTabsTest@515c6049]" started-at="2026-06-14T15:16:04 IST" name="verifyComputersMenuTab" finished-at="2026-06-14T15:16:05 IST" duration-ms="1372" status="PASS">
          <reporter-output>
          </reporter-output>
        </test-method> <!-- verifyComputersMenuTab -->
        <test-method is-config="true" signature="tearDown()[pri:0, instance:com.faiz.automation.tests.TopMenuTabsTest@515c6049]" started-at="2026-06-14T15:16:05 IST" name="tearDown" finished-at="2026-06-14T15:16:06 IST" duration-ms="687" status="PASS">
          <reporter-output>
          </reporter-output>
        </test-method> <!-- tearDown -->
        <test-method is-config="true" signature="setUp()[pri:0, instance:com.faiz.automation.tests.TopMenuTabsTest@515c6049]" started-at="2026-06-14T15:16:06 IST" name="setUp" finished-at="2026-06-14T15:16:12 IST" duration-ms="6332" status="PASS">
          <reporter-output>
          </reporter-output>
        </test-method> <!-- setUp -->
        <test-method signature="verifyDigitalDownloadsMenuTab()[pri:0, instance:com.faiz.automation.tests.TopMenuTabsTest@515c6049]" started-at="2026-06-14T15:16:12 IST" name="verifyDigitalDownloadsMenuTab" finished-at="2026-06-14T15:16:15 IST" duration-ms="3028" status="PASS">
          <reporter-output>
          </reporter-output>
        </test-method> <!-- verifyDigitalDownloadsMenuTab -->
        <test-method is-config="true" signature="tearDown()[pri:0, instance:com.faiz.automation.tests.TopMenuTabsTest@515c6049]" started-at="2026-06-14T15:16:15 IST" name="tearDown" finished-at="2026-06-14T15:16:17 IST" duration-ms="1307" status="PASS">
          <reporter-output>
          </reporter-output>
        </test-method> <!-- tearDown -->
        <test-method is-config="true" signature="setUp()[pri:0, instance:com.faiz.automation.tests.TopMenuTabsTest@515c6049]" started-at="2026-06-14T15:16:17 IST" name="setUp" finished-at="2026-06-14T15:16:22 IST" duration-ms="5061" status="PASS">
          <reporter-output>
          </reporter-output>
        </test-method> <!-- setUp -->
        <test-method signature="verifyElectronicsMenuTab()[pri:0, instance:com.faiz.automation.tests.TopMenuTabsTest@515c6049]" started-at="2026-06-14T15:16:22 IST" name="verifyElectronicsMenuTab" finished-at="2026-06-14T15:16:24 IST" duration-ms="2298" status="PASS">
          <reporter-output>
          </reporter-output>
        </test-method> <!-- verifyElectronicsMenuTab -->
        <test-method is-config="true" signature="tearDown()[pri:0, instance:com.faiz.automation.tests.TopMenuTabsTest@515c6049]" started-at="2026-06-14T15:16:24 IST" name="tearDown" finished-at="2026-06-14T15:16:25 IST" duration-ms="1179" status="PASS">
          <reporter-output>
          </reporter-output>
        </test-method> <!-- tearDown -->
        <test-method is-config="true" signature="setUp()[pri:0, instance:com.faiz.automation.tests.TopMenuTabsTest@515c6049]" started-at="2026-06-14T15:16:25 IST" name="setUp" finished-at="2026-06-14T15:16:34 IST" duration-ms="8791" status="PASS">
          <reporter-output>
          </reporter-output>
        </test-method> <!-- setUp -->
        <test-method signature="verifyGiftCardsMenuTab()[pri:0, instance:com.faiz.automation.tests.TopMenuTabsTest@515c6049]" started-at="2026-06-14T15:16:34 IST" name="verifyGiftCardsMenuTab" finished-at="2026-06-14T15:16:36 IST" duration-ms="1754" status="PASS">
          <reporter-output>
          </reporter-output>
        </test-method> <!-- verifyGiftCardsMenuTab -->
        <test-method is-config="true" signature="tearDown()[pri:0, instance:com.faiz.automation.tests.TopMenuTabsTest@515c6049]" started-at="2026-06-14T15:16:36 IST" name="tearDown" finished-at="2026-06-14T15:16:37 IST" duration-ms="755" status="PASS">
          <reporter-output>
          </reporter-output>
        </test-method> <!-- tearDown -->
        <test-method is-config="true" signature="setUp()[pri:0, instance:com.faiz.automation.tests.TopMenuTabsTest@515c6049]" started-at="2026-06-14T15:16:37 IST" name="setUp" finished-at="2026-06-14T15:16:42 IST" duration-ms="5566" status="PASS">
          <reporter-output>
          </reporter-output>
        </test-method> <!-- setUp -->
        <test-method signature="verifyJewelryMenuTab()[pri:0, instance:com.faiz.automation.tests.TopMenuTabsTest@515c6049]" started-at="2026-06-14T15:16:42 IST" name="verifyJewelryMenuTab" finished-at="2026-06-14T15:16:43 IST" duration-ms="1172" status="PASS">
          <reporter-output>
          </reporter-output>
        </test-method> <!-- verifyJewelryMenuTab -->
        <test-method is-config="true" signature="tearDown()[pri:0, instance:com.faiz.automation.tests.TopMenuTabsTest@515c6049]" started-at="2026-06-14T15:16:43 IST" name="tearDown" finished-at="2026-06-14T15:16:44 IST" duration-ms="738" status="PASS">
          <reporter-output>
          </reporter-output>
        </test-method> <!-- tearDown -->
      </class> <!-- com.faiz.automation.tests.TopMenuTabsTest -->
      <class name="com.faiz.automation.tests.RegistrationAndLoginTest">
        <test-method is-config="true" signature="setUp()[pri:0, instance:com.faiz.automation.tests.RegistrationAndLoginTest@397fbdb]" started-at="2026-06-14T15:14:44 IST" name="setUp" finished-at="2026-06-14T15:15:05 IST" duration-ms="20899" status="PASS">
          <reporter-output>
          </reporter-output>
        </test-method> <!-- setUp -->
        <test-method signature="verifyRegistrationAndLogin()[pri:0, instance:com.faiz.automation.tests.RegistrationAndLoginTest@397fbdb]" started-at="2026-06-14T15:15:05 IST" name="verifyRegistrationAndLogin" finished-at="2026-06-14T15:15:26 IST" duration-ms="21071" status="PASS">
          <reporter-output>
          </reporter-output>
        </test-method> <!-- verifyRegistrationAndLogin -->
        <test-method is-config="true" signature="tearDown()[pri:0, instance:com.faiz.automation.tests.RegistrationAndLoginTest@397fbdb]" started-at="2026-06-14T15:15:26 IST" name="tearDown" finished-at="2026-06-14T15:15:31 IST" duration-ms="5224" status="PASS">
          <reporter-output>
          </reporter-output>
        </test-method> <!-- tearDown -->
      </class> <!-- com.faiz.automation.tests.RegistrationAndLoginTest -->
      <class name="com.faiz.automation.tests.ProductCartTest">
        <test-method is-config="true" signature="setUp()[pri:0, instance:com.faiz.automation.tests.ProductCartTest@443118b0]" started-at="2026-06-14T15:16:44 IST" name="setUp" finished-at="2026-06-14T15:16:52 IST" duration-ms="7916" status="PASS">
          <reporter-output>
          </reporter-output>
        </test-method> <!-- setUp -->
        <test-method signature="verifyProductCanBeAddedAndRemovedFromCart()[pri:0, instance:com.faiz.automation.tests.ProductCartTest@443118b0]" started-at="2026-06-14T15:16:52 IST" name="verifyProductCanBeAddedAndRemovedFromCart" finished-at="2026-06-14T15:17:01 IST" duration-ms="9323" status="PASS">
          <reporter-output>
          </reporter-output>
        </test-method> <!-- verifyProductCanBeAddedAndRemovedFromCart -->
        <test-method is-config="true" signature="tearDown()[pri:0, instance:com.faiz.automation.tests.ProductCartTest@443118b0]" started-at="2026-06-14T15:17:01 IST" name="tearDown" finished-at="2026-06-14T15:17:02 IST" duration-ms="1020" status="PASS">
          <reporter-output>
          </reporter-output>
        </test-method> <!-- tearDown -->
      </class> <!-- com.faiz.automation.tests.ProductCartTest -->
      <class name="com.faiz.automation.tests.WishlistAndCompareTest">
        <test-method is-config="true" signature="setUp()[pri:0, instance:com.faiz.automation.tests.WishlistAndCompareTest@765d7657]" started-at="2026-06-14T15:17:02 IST" name="setUp" finished-at="2026-06-14T15:17:07 IST" duration-ms="4327" status="PASS">
          <reporter-output>
          </reporter-output>
        </test-method> <!-- setUp -->
        <test-method signature="verifyProductCanBeAddedToWishlist()[pri:0, instance:com.faiz.automation.tests.WishlistAndCompareTest@765d7657]" started-at="2026-06-14T15:17:07 IST" name="verifyProductCanBeAddedToWishlist" finished-at="2026-06-14T15:17:14 IST" duration-ms="7752" status="PASS">
          <reporter-output>
          </reporter-output>
        </test-method> <!-- verifyProductCanBeAddedToWishlist -->
        <test-method is-config="true" signature="tearDown()[pri:0, instance:com.faiz.automation.tests.WishlistAndCompareTest@765d7657]" started-at="2026-06-14T15:17:14 IST" name="tearDown" finished-at="2026-06-14T15:17:15 IST" duration-ms="660" status="PASS">
          <reporter-output>
          </reporter-output>
        </test-method> <!-- tearDown -->
      </class> <!-- com.faiz.automation.tests.WishlistAndCompareTest -->
      <class name="com.faiz.automation.tests.RegistrationTest">
        <test-method is-config="true" signature="setUp()[pri:0, instance:com.faiz.automation.tests.RegistrationTest@72967906]" started-at="2026-06-14T15:14:44 IST" name="setUp" finished-at="2026-06-14T15:15:03 IST" duration-ms="18519" status="PASS">
          <reporter-output>
          </reporter-output>
        </test-method> <!-- setUp -->
        <test-method signature="verifyRegistration(java.lang.String,java.lang.String,java.lang.String,java.lang.String,java.lang.String,java.lang.String)[pri:0, instance:com.faiz.automation.tests.RegistrationTest@72967906]" started-at="2026-06-14T15:15:03 IST" name="verifyRegistration" data-provider="registrationData" finished-at="2026-06-14T15:15:19 IST" duration-ms="16323" status="PASS">
          <params>
            <param index="0">
              <value>
                <![CDATA[Faiz]]>
              </value>
            </param>
            <param index="1">
              <value>
                <![CDATA[Dafedar]]>
              </value>
            </param>
            <param index="2">
              <value>
                <![CDATA[faiz12345@gmail.com]]>
              </value>
            </param>
            <param index="3">
              <value>
                <![CDATA[Test@123]]>
              </value>
            </param>
            <param index="4">
              <value>
                <![CDATA[Test@123]]>
              </value>
            </param>
            <param index="5">
              <value>
                <![CDATA[PASS]]>
              </value>
            </param>
          </params>
          <reporter-output>
          </reporter-output>
        </test-method> <!-- verifyRegistration -->
        <test-method is-config="true" signature="tearDown()[pri:0, instance:com.faiz.automation.tests.RegistrationTest@72967906]" started-at="2026-06-14T15:15:19 IST" name="tearDown" finished-at="2026-06-14T15:15:26 IST" duration-ms="6999" status="PASS">
          <reporter-output>
          </reporter-output>
        </test-method> <!-- tearDown -->
        <test-method is-config="true" signature="setUp()[pri:0, instance:com.faiz.automation.tests.RegistrationTest@72967906]" started-at="2026-06-14T15:15:26 IST" name="setUp" finished-at="2026-06-14T15:15:37 IST" duration-ms="11356" status="PASS">
          <reporter-output>
          </reporter-output>
        </test-method> <!-- setUp -->
        <test-method signature="verifyRegistration(java.lang.String,java.lang.String,java.lang.String,java.lang.String,java.lang.String,java.lang.String)[pri:0, instance:com.faiz.automation.tests.RegistrationTest@72967906]" started-at="2026-06-14T15:15:37 IST" name="verifyRegistration" data-provider="registrationData" finished-at="2026-06-14T15:15:45 IST" duration-ms="8074" status="PASS">
          <params>
            <param index="0">
              <value>
                <![CDATA[F]]>
              </value>
            </param>
            <param index="1">
              <value>
                <![CDATA[Dafedar]]>
              </value>
            </param>
            <param index="2">
              <value>
                <![CDATA[faiz1@gmail.com]]>
              </value>
            </param>
            <param index="3">
              <value>
                <![CDATA[Test@123]]>
              </value>
            </param>
            <param index="4">
              <value>
                <![CDATA[Test@123]]>
              </value>
            </param>
            <param index="5">
              <value>
                <![CDATA[PASS]]>
              </value>
            </param>
          </params>
          <reporter-output>
          </reporter-output>
        </test-method> <!-- verifyRegistration -->
        <test-method is-config="true" signature="tearDown()[pri:0, instance:com.faiz.automation.tests.RegistrationTest@72967906]" started-at="2026-06-14T15:15:46 IST" name="tearDown" finished-at="2026-06-14T15:15:51 IST" duration-ms="5296" status="PASS">
          <reporter-output>
          </reporter-output>
        </test-method> <!-- tearDown -->
        <test-method is-config="true" signature="setUp()[pri:0, instance:com.faiz.automation.tests.RegistrationTest@72967906]" started-at="2026-06-14T15:15:51 IST" name="setUp" finished-at="2026-06-14T15:15:56 IST" duration-ms="5010" status="PASS">
          <reporter-output>
          </reporter-output>
        </test-method> <!-- setUp -->
        <test-method signature="verifyRegistration(java.lang.String,java.lang.String,java.lang.String,java.lang.String,java.lang.String,java.lang.String)[pri:0, instance:com.faiz.automation.tests.RegistrationTest@72967906]" started-at="2026-06-14T15:15:56 IST" name="verifyRegistration" data-provider="registrationData" finished-at="2026-06-14T15:16:20 IST" duration-ms="24126" status="PASS">
          <params>
            <param index="0">
              <value>
                <![CDATA[]]>
              </value>
            </param>
            <param index="1">
              <value>
                <![CDATA[Dafedar]]>
              </value>
            </param>
            <param index="2">
              <value>
                <![CDATA[faiz@gmail.com]]>
              </value>
            </param>
            <param index="3">
              <value>
                <![CDATA[Test@123]]>
              </value>
            </param>
            <param index="4">
              <value>
                <![CDATA[Test@123]]>
              </value>
            </param>
            <param index="5">
              <value>
                <![CDATA[FAIL]]>
              </value>
            </param>
          </params>
          <reporter-output>
          </reporter-output>
        </test-method> <!-- verifyRegistration -->
        <test-method is-config="true" signature="tearDown()[pri:0, instance:com.faiz.automation.tests.RegistrationTest@72967906]" started-at="2026-06-14T15:16:20 IST" name="tearDown" finished-at="2026-06-14T15:16:21 IST" duration-ms="1440" status="PASS">
          <reporter-output>
          </reporter-output>
        </test-method> <!-- tearDown -->
        <test-method is-config="true" signature="setUp()[pri:0, instance:com.faiz.automation.tests.RegistrationTest@72967906]" started-at="2026-06-14T15:16:21 IST" name="setUp" finished-at="2026-06-14T15:16:29 IST" duration-ms="7364" status="PASS">
          <reporter-output>
          </reporter-output>
        </test-method> <!-- setUp -->
        <test-method signature="verifyRegistration(java.lang.String,java.lang.String,java.lang.String,java.lang.String,java.lang.String,java.lang.String)[pri:0, instance:com.faiz.automation.tests.RegistrationTest@72967906]" started-at="2026-06-14T15:16:29 IST" name="verifyRegistration" data-provider="registrationData" finished-at="2026-06-14T15:16:55 IST" duration-ms="25961" status="PASS">
          <params>
            <param index="0">
              <value>
                <![CDATA[Faiz]]>
              </value>
            </param>
            <param index="1">
              <value>
                <![CDATA[]]>
              </value>
            </param>
            <param index="2">
              <value>
                <![CDATA[faiz@gmail.com]]>
              </value>
            </param>
            <param index="3">
              <value>
                <![CDATA[Test@123]]>
              </value>
            </param>
            <param index="4">
              <value>
                <![CDATA[Test@123]]>
              </value>
            </param>
            <param index="5">
              <value>
                <![CDATA[FAIL]]>
              </value>
            </param>
          </params>
          <reporter-output>
          </reporter-output>
        </test-method> <!-- verifyRegistration -->
        <test-method is-config="true" signature="tearDown()[pri:0, instance:com.faiz.automation.tests.RegistrationTest@72967906]" started-at="2026-06-14T15:16:55 IST" name="tearDown" finished-at="2026-06-14T15:16:56 IST" duration-ms="1355" status="PASS">
          <reporter-output>
          </reporter-output>
        </test-method> <!-- tearDown -->
        <test-method is-config="true" signature="setUp()[pri:0, instance:com.faiz.automation.tests.RegistrationTest@72967906]" started-at="2026-06-14T15:16:56 IST" name="setUp" finished-at="2026-06-14T15:17:04 IST" duration-ms="7953" status="PASS">
          <reporter-output>
          </reporter-output>
        </test-method> <!-- setUp -->
        <test-method signature="verifyRegistration(java.lang.String,java.lang.String,java.lang.String,java.lang.String,java.lang.String,java.lang.String)[pri:0, instance:com.faiz.automation.tests.RegistrationTest@72967906]" started-at="2026-06-14T15:17:04 IST" name="verifyRegistration" data-provider="registrationData" finished-at="2026-06-14T15:17:31 IST" duration-ms="26745" status="PASS">
          <params>
            <param index="0">
              <value>
                <![CDATA[Faiz]]>
              </value>
            </param>
            <param index="1">
              <value>
                <![CDATA[Dafedar]]>
              </value>
            </param>
            <param index="2">
              <value>
                <![CDATA[]]>
              </value>
            </param>
            <param index="3">
              <value>
                <![CDATA[Test@123]]>
              </value>
            </param>
            <param index="4">
              <value>
                <![CDATA[Test@123]]>
              </value>
            </param>
            <param index="5">
              <value>
                <![CDATA[FAIL]]>
              </value>
            </param>
          </params>
          <reporter-output>
          </reporter-output>
        </test-method> <!-- verifyRegistration -->
        <test-method is-config="true" signature="tearDown()[pri:0, instance:com.faiz.automation.tests.RegistrationTest@72967906]" started-at="2026-06-14T15:17:31 IST" name="tearDown" finished-at="2026-06-14T15:17:31 IST" duration-ms="322" status="PASS">
          <reporter-output>
          </reporter-output>
        </test-method> <!-- tearDown -->
        <test-method is-config="true" signature="setUp()[pri:0, instance:com.faiz.automation.tests.RegistrationTest@72967906]" started-at="2026-06-14T15:17:31 IST" name="setUp" finished-at="2026-06-14T15:17:37 IST" duration-ms="6088" status="PASS">
          <reporter-output>
          </reporter-output>
        </test-method> <!-- setUp -->
        <test-method signature="verifyRegistration(java.lang.String,java.lang.String,java.lang.String,java.lang.String,java.lang.String,java.lang.String)[pri:0, instance:com.faiz.automation.tests.RegistrationTest@72967906]" started-at="2026-06-14T15:17:37 IST" name="verifyRegistration" data-provider="registrationData" finished-at="2026-06-14T15:17:59 IST" duration-ms="21633" status="PASS">
          <params>
            <param index="0">
              <value>
                <![CDATA[Faiz]]>
              </value>
            </param>
            <param index="1">
              <value>
                <![CDATA[Dafedar]]>
              </value>
            </param>
            <param index="2">
              <value>
                <![CDATA[invalidemail]]>
              </value>
            </param>
            <param index="3">
              <value>
                <![CDATA[Test@123]]>
              </value>
            </param>
            <param index="4">
              <value>
                <![CDATA[Test@123]]>
              </value>
            </param>
            <param index="5">
              <value>
                <![CDATA[FAIL]]>
              </value>
            </param>
          </params>
          <reporter-output>
          </reporter-output>
        </test-method> <!-- verifyRegistration -->
        <test-method is-config="true" signature="tearDown()[pri:0, instance:com.faiz.automation.tests.RegistrationTest@72967906]" started-at="2026-06-14T15:17:59 IST" name="tearDown" finished-at="2026-06-14T15:17:59 IST" duration-ms="342" status="PASS">
          <reporter-output>
          </reporter-output>
        </test-method> <!-- tearDown -->
        <test-method is-config="true" signature="setUp()[pri:0, instance:com.faiz.automation.tests.RegistrationTest@72967906]" started-at="2026-06-14T15:17:59 IST" name="setUp" finished-at="2026-06-14T15:18:04 IST" duration-ms="4585" status="PASS">
          <reporter-output>
          </reporter-output>
        </test-method> <!-- setUp -->
        <test-method signature="verifyRegistration(java.lang.String,java.lang.String,java.lang.String,java.lang.String,java.lang.String,java.lang.String)[pri:0, instance:com.faiz.automation.tests.RegistrationTest@72967906]" started-at="2026-06-14T15:18:04 IST" name="verifyRegistration" data-provider="registrationData" finished-at="2026-06-14T15:18:25 IST" duration-ms="21575" status="PASS">
          <params>
            <param index="0">
              <value>
                <![CDATA[Faiz]]>
              </value>
            </param>
            <param index="1">
              <value>
                <![CDATA[Dafedar]]>
              </value>
            </param>
            <param index="2">
              <value>
                <![CDATA[faiz@gmail]]>
              </value>
            </param>
            <param index="3">
              <value>
                <![CDATA[Test@123]]>
              </value>
            </param>
            <param index="4">
              <value>
                <![CDATA[Test@123]]>
              </value>
            </param>
            <param index="5">
              <value>
                <![CDATA[FAIL]]>
              </value>
            </param>
          </params>
          <reporter-output>
          </reporter-output>
        </test-method> <!-- verifyRegistration -->
        <test-method is-config="true" signature="tearDown()[pri:0, instance:com.faiz.automation.tests.RegistrationTest@72967906]" started-at="2026-06-14T15:18:25 IST" name="tearDown" finished-at="2026-06-14T15:18:26 IST" duration-ms="296" status="PASS">
          <reporter-output>
          </reporter-output>
        </test-method> <!-- tearDown -->
        <test-method is-config="true" signature="setUp()[pri:0, instance:com.faiz.automation.tests.RegistrationTest@72967906]" started-at="2026-06-14T15:18:26 IST" name="setUp" finished-at="2026-06-14T15:18:33 IST" duration-ms="7496" status="PASS">
          <reporter-output>
          </reporter-output>
        </test-method> <!-- setUp -->
        <test-method signature="verifyRegistration(java.lang.String,java.lang.String,java.lang.String,java.lang.String,java.lang.String,java.lang.String)[pri:0, instance:com.faiz.automation.tests.RegistrationTest@72967906]" started-at="2026-06-14T15:18:33 IST" name="verifyRegistration" data-provider="registrationData" finished-at="2026-06-14T15:18:55 IST" duration-ms="21599" status="PASS">
          <params>
            <param index="0">
              <value>
                <![CDATA[Faiz]]>
              </value>
            </param>
            <param index="1">
              <value>
                <![CDATA[Dafedar]]>
              </value>
            </param>
            <param index="2">
              <value>
                <![CDATA[]]>
              </value>
            </param>
            <param index="3">
              <value>
                <![CDATA[]]>
              </value>
            </param>
            <param index="4">
              <value>
                <![CDATA[]]>
              </value>
            </param>
            <param index="5">
              <value>
                <![CDATA[FAIL]]>
              </value>
            </param>
          </params>
          <reporter-output>
          </reporter-output>
        </test-method> <!-- verifyRegistration -->
        <test-method is-config="true" signature="tearDown()[pri:0, instance:com.faiz.automation.tests.RegistrationTest@72967906]" started-at="2026-06-14T15:18:55 IST" name="tearDown" finished-at="2026-06-14T15:18:55 IST" duration-ms="295" status="PASS">
          <reporter-output>
          </reporter-output>
        </test-method> <!-- tearDown -->
        <test-method is-config="true" signature="setUp()[pri:0, instance:com.faiz.automation.tests.RegistrationTest@72967906]" started-at="2026-06-14T15:18:55 IST" name="setUp" finished-at="2026-06-14T15:19:16 IST" duration-ms="21369" status="PASS">
          <reporter-output>
          </reporter-output>
        </test-method> <!-- setUp -->
        <test-method signature="verifyRegistration(java.lang.String,java.lang.String,java.lang.String,java.lang.String,java.lang.String,java.lang.String)[pri:0, instance:com.faiz.automation.tests.RegistrationTest@72967906]" started-at="2026-06-14T15:19:16 IST" name="verifyRegistration" data-provider="registrationData" finished-at="2026-06-14T15:19:38 IST" duration-ms="22068" status="PASS">
          <params>
            <param index="0">
              <value>
                <![CDATA[Faiz]]>
              </value>
            </param>
            <param index="1">
              <value>
                <![CDATA[Dafedar]]>
              </value>
            </param>
            <param index="2">
              <value>
                <![CDATA[faiz@gmail.com]]>
              </value>
            </param>
            <param index="3">
              <value>
                <![CDATA[12345]]>
              </value>
            </param>
            <param index="4">
              <value>
                <![CDATA[12345]]>
              </value>
            </param>
            <param index="5">
              <value>
                <![CDATA[FAIL]]>
              </value>
            </param>
          </params>
          <reporter-output>
          </reporter-output>
        </test-method> <!-- verifyRegistration -->
        <test-method is-config="true" signature="tearDown()[pri:0, instance:com.faiz.automation.tests.RegistrationTest@72967906]" started-at="2026-06-14T15:19:38 IST" name="tearDown" finished-at="2026-06-14T15:19:39 IST" duration-ms="297" status="PASS">
          <reporter-output>
          </reporter-output>
        </test-method> <!-- tearDown -->
        <test-method is-config="true" signature="setUp()[pri:0, instance:com.faiz.automation.tests.RegistrationTest@72967906]" started-at="2026-06-14T15:19:39 IST" name="setUp" finished-at="2026-06-14T15:19:44 IST" duration-ms="4784" status="PASS">
          <reporter-output>
          </reporter-output>
        </test-method> <!-- setUp -->
        <test-method signature="verifyRegistration(java.lang.String,java.lang.String,java.lang.String,java.lang.String,java.lang.String,java.lang.String)[pri:0, instance:com.faiz.automation.tests.RegistrationTest@72967906]" started-at="2026-06-14T15:19:44 IST" name="verifyRegistration" data-provider="registrationData" finished-at="2026-06-14T15:20:05 IST" duration-ms="21835" status="PASS">
          <params>
            <param index="0">
              <value>
                <![CDATA[Faiz]]>
              </value>
            </param>
            <param index="1">
              <value>
                <![CDATA[Dafedar]]>
              </value>
            </param>
            <param index="2">
              <value>
                <![CDATA[faiz@gmail.com]]>
              </value>
            </param>
            <param index="3">
              <value>
                <![CDATA[Test@123]]>
              </value>
            </param>
            <param index="4">
              <value>
                <![CDATA[Test@124]]>
              </value>
            </param>
            <param index="5">
              <value>
                <![CDATA[FAIL]]>
              </value>
            </param>
          </params>
          <reporter-output>
          </reporter-output>
        </test-method> <!-- verifyRegistration -->
        <test-method is-config="true" signature="tearDown()[pri:0, instance:com.faiz.automation.tests.RegistrationTest@72967906]" started-at="2026-06-14T15:20:05 IST" name="tearDown" finished-at="2026-06-14T15:20:06 IST" duration-ms="314" status="PASS">
          <reporter-output>
          </reporter-output>
        </test-method> <!-- tearDown -->
      </class> <!-- com.faiz.automation.tests.RegistrationTest -->
      <class name="com.faiz.automation.tests.NotebookOrderTest">
        <test-method is-config="true" signature="setUp()[pri:0, instance:com.faiz.automation.tests.NotebookOrderTest@33d512c1]" started-at="2026-06-14T15:15:27 IST" name="setUp" finished-at="2026-06-14T15:15:32 IST" duration-ms="4849" status="PASS">
          <reporter-output>
          </reporter-output>
        </test-method> <!-- setUp -->
        <test-method signature="selectNotebookAndPlaceOrder()[pri:0, instance:com.faiz.automation.tests.NotebookOrderTest@33d512c1]" started-at="2026-06-14T15:15:32 IST" name="selectNotebookAndPlaceOrder" finished-at="2026-06-14T15:15:58 IST" duration-ms="25879" status="PASS">
          <reporter-output>
          </reporter-output>
        </test-method> <!-- selectNotebookAndPlaceOrder -->
        <test-method is-config="true" signature="tearDown()[pri:0, instance:com.faiz.automation.tests.NotebookOrderTest@33d512c1]" started-at="2026-06-14T15:15:58 IST" name="tearDown" finished-at="2026-06-14T15:16:00 IST" duration-ms="2066" status="PASS">
          <reporter-output>
          </reporter-output>
        </test-method> <!-- tearDown -->
      </class> <!-- com.faiz.automation.tests.NotebookOrderTest -->
    </test> <!-- AutomationTests -->
  </suite> <!-- AutomationSuite -->
</testng-results>
