<?xml version="1.0" encoding="UTF-8"?>
<testng-results ignored="0" total="13" passed="13" failed="0" skipped="0">
  <reporter-output>
  </reporter-output>
  <suite started-at="2026-06-03T23:46:17 IST" name="Default suite" finished-at="2026-06-03T23:49:13 IST" duration-ms="176367">
    <groups>
    </groups>
    <test started-at="2026-06-03T23:46:17 IST" name="Default test" finished-at="2026-06-03T23:49:13 IST" duration-ms="176367">
      <class name="com.faiz.automation.tests.LoginTest">
        <test-method is-config="true" signature="setUp()[pri:0, instance:com.faiz.automation.tests.LoginTest@7b02881e]" started-at="2026-06-03T23:46:27 IST" name="setUp" finished-at="2026-06-03T23:46:33 IST" duration-ms="6205" status="PASS">
          <reporter-output>
          </reporter-output>
        </test-method> <!-- setUp -->
        <test-method signature="verifyLogin()[pri:0, instance:com.faiz.automation.tests.LoginTest@7b02881e]" started-at="2026-06-03T23:46:33 IST" name="verifyLogin" finished-at="2026-06-03T23:46:35 IST" duration-ms="1821" status="PASS">
          <reporter-output>
          </reporter-output>
        </test-method> <!-- verifyLogin -->
        <test-method is-config="true" signature="tearDown()[pri:0, instance:com.faiz.automation.tests.LoginTest@7b02881e]" started-at="2026-06-03T23:46:35 IST" name="tearDown" finished-at="2026-06-03T23:46:35 IST" duration-ms="371" status="PASS">
          <reporter-output>
          </reporter-output>
        </test-method> <!-- tearDown -->
      </class> <!-- com.faiz.automation.tests.LoginTest -->
      <class name="com.faiz.automation.tests.RegistrationAndLoginTest">
        <test-method is-config="true" signature="setUp()[pri:0, instance:com.faiz.automation.tests.RegistrationAndLoginTest@6913c1fb]" started-at="2026-06-03T23:46:17 IST" name="setUp" finished-at="2026-06-03T23:46:21 IST" duration-ms="4447" status="PASS">
          <reporter-output>
          </reporter-output>
        </test-method> <!-- setUp -->
        <test-method signature="verifyRegistrationAndLogin()[pri:0, instance:com.faiz.automation.tests.RegistrationAndLoginTest@6913c1fb]" started-at="2026-06-03T23:46:21 IST" name="verifyRegistrationAndLogin" finished-at="2026-06-03T23:46:26 IST" duration-ms="5105" status="PASS">
          <reporter-output>
          </reporter-output>
        </test-method> <!-- verifyRegistrationAndLogin -->
        <test-method is-config="true" signature="tearDown()[pri:0, instance:com.faiz.automation.tests.RegistrationAndLoginTest@6913c1fb]" started-at="2026-06-03T23:46:26 IST" name="tearDown" finished-at="2026-06-03T23:46:27 IST" duration-ms="374" status="PASS">
          <reporter-output>
          </reporter-output>
        </test-method> <!-- tearDown -->
      </class> <!-- com.faiz.automation.tests.RegistrationAndLoginTest -->
      <class name="com.faiz.automation.tests.RegistrationTest">
        <test-method is-config="true" signature="setUp()[pri:0, instance:com.faiz.automation.tests.RegistrationTest@3c0be339]" started-at="2026-06-03T23:46:35 IST" name="setUp" finished-at="2026-06-03T23:46:40 IST" duration-ms="4533" status="PASS">
          <reporter-output>
          </reporter-output>
        </test-method> <!-- setUp -->
        <test-method signature="verifyRegistration(java.lang.String,java.lang.String,java.lang.String,java.lang.String,java.lang.String,java.lang.String)[pri:0, instance:com.faiz.automation.tests.RegistrationTest@3c0be339]" started-at="2026-06-03T23:46:40 IST" name="verifyRegistration" data-provider="registrationData" finished-at="2026-06-03T23:46:43 IST" duration-ms="3210" status="PASS">
          <params>
            <param index="0">
              <value>
                <![CDATA[Faiz]]>
              </value>
            </param>
            <param index="1">
              <value>
                <![CDATA[Dafedar]]>
              </value>
            </param>
            <param index="2">
              <value>
                <![CDATA[faiz12345@gmail.com]]>
              </value>
            </param>
            <param index="3">
              <value>
                <![CDATA[Test@123]]>
              </value>
            </param>
            <param index="4">
              <value>
                <![CDATA[Test@123]]>
              </value>
            </param>
            <param index="5">
              <value>
                <![CDATA[PASS]]>
              </value>
            </param>
          </params>
          <reporter-output>
          </reporter-output>
        </test-method> <!-- verifyRegistration -->
        <test-method is-config="true" signature="tearDown()[pri:0, instance:com.faiz.automation.tests.RegistrationTest@3c0be339]" started-at="2026-06-03T23:46:43 IST" name="tearDown" finished-at="2026-06-03T23:46:43 IST" duration-ms="333" status="PASS">
          <reporter-output>
          </reporter-output>
        </test-method> <!-- tearDown -->
        <test-method is-config="true" signature="setUp()[pri:0, instance:com.faiz.automation.tests.RegistrationTest@3c0be339]" started-at="2026-06-03T23:46:43 IST" name="setUp" finished-at="2026-06-03T23:46:47 IST" duration-ms="4209" status="PASS">
          <reporter-output>
          </reporter-output>
        </test-method> <!-- setUp -->
        <test-method signature="verifyRegistration(java.lang.String,java.lang.String,java.lang.String,java.lang.String,java.lang.String,java.lang.String)[pri:0, instance:com.faiz.automation.tests.RegistrationTest@3c0be339]" started-at="2026-06-03T23:46:47 IST" name="verifyRegistration" data-provider="registrationData" finished-at="2026-06-03T23:46:51 IST" duration-ms="3578" status="PASS">
          <params>
            <param index="0">
              <value>
                <![CDATA[F]]>
              </value>
            </param>
            <param index="1">
              <value>
                <![CDATA[Dafedar]]>
              </value>
            </param>
            <param index="2">
              <value>
                <![CDATA[faiz1@gmail.com]]>
              </value>
            </param>
            <param index="3">
              <value>
                <![CDATA[Test@123]]>
              </value>
            </param>
            <param index="4">
              <value>
                <![CDATA[Test@123]]>
              </value>
            </param>
            <param index="5">
              <value>
                <![CDATA[PASS]]>
              </value>
            </param>
          </params>
          <reporter-output>
          </reporter-output>
        </test-method> <!-- verifyRegistration -->
        <test-method is-config="true" signature="tearDown()[pri:0, instance:com.faiz.automation.tests.RegistrationTest@3c0be339]" started-at="2026-06-03T23:46:51 IST" name="tearDown" finished-at="2026-06-03T23:46:51 IST" duration-ms="323" status="PASS">
          <reporter-output>
          </reporter-output>
        </test-method> <!-- tearDown -->
        <test-method is-config="true" signature="setUp()[pri:0, instance:com.faiz.automation.tests.RegistrationTest@3c0be339]" started-at="2026-06-03T23:46:51 IST" name="setUp" finished-at="2026-06-03T23:46:55 IST" duration-ms="4009" status="PASS">
          <reporter-output>
          </reporter-output>
        </test-method> <!-- setUp -->
        <test-method signature="verifyRegistration(java.lang.String,java.lang.String,java.lang.String,java.lang.String,java.lang.String,java.lang.String)[pri:0, instance:com.faiz.automation.tests.RegistrationTest@3c0be339]" started-at="2026-06-03T23:46:55 IST" name="verifyRegistration" data-provider="registrationData" finished-at="2026-06-03T23:47:07 IST" duration-ms="11587" status="PASS">
          <params>
            <param index="0">
              <value>
                <![CDATA[]]>
              </value>
            </param>
            <param index="1">
              <value>
                <![CDATA[Dafedar]]>
              </value>
            </param>
            <param index="2">
              <value>
                <![CDATA[faiz@gmail.com]]>
              </value>
            </param>
            <param index="3">
              <value>
                <![CDATA[Test@123]]>
              </value>
            </param>
            <param index="4">
              <value>
                <![CDATA[Test@123]]>
              </value>
            </param>
            <param index="5">
              <value>
                <![CDATA[FAIL]]>
              </value>
            </param>
          </params>
          <reporter-output>
          </reporter-output>
        </test-method> <!-- verifyRegistration -->
        <test-method is-config="true" signature="tearDown()[pri:0, instance:com.faiz.automation.tests.RegistrationTest@3c0be339]" started-at="2026-06-03T23:47:07 IST" name="tearDown" finished-at="2026-06-03T23:47:07 IST" duration-ms="358" status="PASS">
          <reporter-output>
          </reporter-output>
        </test-method> <!-- tearDown -->
        <test-method is-config="true" signature="setUp()[pri:0, instance:com.faiz.automation.tests.RegistrationTest@3c0be339]" started-at="2026-06-03T23:47:07 IST" name="setUp" finished-at="2026-06-03T23:47:11 IST" duration-ms="3770" status="PASS">
          <reporter-output>
          </reporter-output>
        </test-method> <!-- setUp -->
        <test-method signature="verifyRegistration(java.lang.String,java.lang.String,java.lang.String,java.lang.String,java.lang.String,java.lang.String)[pri:0, instance:com.faiz.automation.tests.RegistrationTest@3c0be339]" started-at="2026-06-03T23:47:11 IST" name="verifyRegistration" data-provider="registrationData" finished-at="2026-06-03T23:47:22 IST" duration-ms="11273" status="PASS">
          <params>
            <param index="0">
              <value>
                <![CDATA[Faiz]]>
              </value>
            </param>
            <param index="1">
              <value>
                <![CDATA[]]>
              </value>
            </param>
            <param index="2">
              <value>
                <![CDATA[faiz@gmail.com]]>
              </value>
            </param>
            <param index="3">
              <value>
                <![CDATA[Test@123]]>
              </value>
            </param>
            <param index="4">
              <value>
                <![CDATA[Test@123]]>
              </value>
            </param>
            <param index="5">
              <value>
                <![CDATA[FAIL]]>
              </value>
            </param>
          </params>
          <reporter-output>
          </reporter-output>
        </test-method> <!-- verifyRegistration -->
        <test-method is-config="true" signature="tearDown()[pri:0, instance:com.faiz.automation.tests.RegistrationTest@3c0be339]" started-at="2026-06-03T23:47:22 IST" name="tearDown" finished-at="2026-06-03T23:47:23 IST" duration-ms="341" status="PASS">
          <reporter-output>
          </reporter-output>
        </test-method> <!-- tearDown -->
        <test-method is-config="true" signature="setUp()[pri:0, instance:com.faiz.automation.tests.RegistrationTest@3c0be339]" started-at="2026-06-03T23:47:23 IST" name="setUp" finished-at="2026-06-03T23:47:28 IST" duration-ms="5849" status="PASS">
          <reporter-output>
          </reporter-output>
        </test-method> <!-- setUp -->
        <test-method signature="verifyRegistration(java.lang.String,java.lang.String,java.lang.String,java.lang.String,java.lang.String,java.lang.String)[pri:0, instance:com.faiz.automation.tests.RegistrationTest@3c0be339]" started-at="2026-06-03T23:47:28 IST" name="verifyRegistration" data-provider="registrationData" finished-at="2026-06-03T23:47:40 IST" duration-ms="11161" status="PASS">
          <params>
            <param index="0">
              <value>
                <![CDATA[Faiz]]>
              </value>
            </param>
            <param index="1">
              <value>
                <![CDATA[Dafedar]]>
              </value>
            </param>
            <param index="2">
              <value>
                <![CDATA[]]>
              </value>
            </param>
            <param index="3">
              <value>
                <![CDATA[Test@123]]>
              </value>
            </param>
            <param index="4">
              <value>
                <![CDATA[Test@123]]>
              </value>
            </param>
            <param index="5">
              <value>
                <![CDATA[FAIL]]>
              </value>
            </param>
          </params>
          <reporter-output>
          </reporter-output>
        </test-method> <!-- verifyRegistration -->
        <test-method is-config="true" signature="tearDown()[pri:0, instance:com.faiz.automation.tests.RegistrationTest@3c0be339]" started-at="2026-06-03T23:47:40 IST" name="tearDown" finished-at="2026-06-03T23:47:40 IST" duration-ms="344" status="PASS">
          <reporter-output>
          </reporter-output>
        </test-method> <!-- tearDown -->
        <test-method is-config="true" signature="setUp()[pri:0, instance:com.faiz.automation.tests.RegistrationTest@3c0be339]" started-at="2026-06-03T23:47:40 IST" name="setUp" finished-at="2026-06-03T23:47:44 IST" duration-ms="3709" status="PASS">
          <reporter-output>
          </reporter-output>
        </test-method> <!-- setUp -->
        <test-method signature="verifyRegistration(java.lang.String,java.lang.String,java.lang.String,java.lang.String,java.lang.String,java.lang.String)[pri:0, instance:com.faiz.automation.tests.RegistrationTest@3c0be339]" started-at="2026-06-03T23:47:44 IST" name="verifyRegistration" data-provider="registrationData" finished-at="2026-06-03T23:47:55 IST" duration-ms="11295" status="PASS">
          <params>
            <param index="0">
              <value>
                <![CDATA[Faiz]]>
              </value>
            </param>
            <param index="1">
              <value>
                <![CDATA[Dafedar]]>
              </value>
            </param>
            <param index="2">
              <value>
                <![CDATA[invalidemail]]>
              </value>
            </param>
            <param index="3">
              <value>
                <![CDATA[Test@123]]>
              </value>
            </param>
            <param index="4">
              <value>
                <![CDATA[Test@123]]>
              </value>
            </param>
            <param index="5">
              <value>
                <![CDATA[FAIL]]>
              </value>
            </param>
          </params>
          <reporter-output>
          </reporter-output>
        </test-method> <!-- verifyRegistration -->
        <test-method is-config="true" signature="tearDown()[pri:0, instance:com.faiz.automation.tests.RegistrationTest@3c0be339]" started-at="2026-06-03T23:47:55 IST" name="tearDown" finished-at="2026-06-03T23:47:55 IST" duration-ms="361" status="PASS">
          <reporter-output>
          </reporter-output>
        </test-method> <!-- tearDown -->
        <test-method is-config="true" signature="setUp()[pri:0, instance:com.faiz.automation.tests.RegistrationTest@3c0be339]" started-at="2026-06-03T23:47:55 IST" name="setUp" finished-at="2026-06-03T23:47:59 IST" duration-ms="4072" status="PASS">
          <reporter-output>
          </reporter-output>
        </test-method> <!-- setUp -->
        <test-method signature="verifyRegistration(java.lang.String,java.lang.String,java.lang.String,java.lang.String,java.lang.String,java.lang.String)[pri:0, instance:com.faiz.automation.tests.RegistrationTest@3c0be339]" started-at="2026-06-03T23:47:59 IST" name="verifyRegistration" data-provider="registrationData" finished-at="2026-06-03T23:48:11 IST" duration-ms="11296" status="PASS">
          <params>
            <param index="0">
              <value>
                <![CDATA[Faiz]]>
              </value>
            </param>
            <param index="1">
              <value>
                <![CDATA[Dafedar]]>
              </value>
            </param>
            <param index="2">
              <value>
                <![CDATA[faiz@gmail]]>
              </value>
            </param>
            <param index="3">
              <value>
                <![CDATA[Test@123]]>
              </value>
            </param>
            <param index="4">
              <value>
                <![CDATA[Test@123]]>
              </value>
            </param>
            <param index="5">
              <value>
                <![CDATA[FAIL]]>
              </value>
            </param>
          </params>
          <reporter-output>
          </reporter-output>
        </test-method> <!-- verifyRegistration -->
        <test-method is-config="true" signature="tearDown()[pri:0, instance:com.faiz.automation.tests.RegistrationTest@3c0be339]" started-at="2026-06-03T23:48:11 IST" name="tearDown" finished-at="2026-06-03T23:48:11 IST" duration-ms="333" status="PASS">
          <reporter-output>
          </reporter-output>
        </test-method> <!-- tearDown -->
        <test-method is-config="true" signature="setUp()[pri:0, instance:com.faiz.automation.tests.RegistrationTest@3c0be339]" started-at="2026-06-03T23:48:11 IST" name="setUp" finished-at="2026-06-03T23:48:16 IST" duration-ms="5149" status="PASS">
          <reporter-output>
          </reporter-output>
        </test-method> <!-- setUp -->
        <test-method signature="verifyRegistration(java.lang.String,java.lang.String,java.lang.String,java.lang.String,java.lang.String,java.lang.String)[pri:0, instance:com.faiz.automation.tests.RegistrationTest@3c0be339]" started-at="2026-06-03T23:48:16 IST" name="verifyRegistration" data-provider="registrationData" finished-at="2026-06-03T23:48:27 IST" duration-ms="11249" status="PASS">
          <params>
            <param index="0">
              <value>
                <![CDATA[Faiz]]>
              </value>
            </param>
            <param index="1">
              <value>
                <![CDATA[Dafedar]]>
              </value>
            </param>
            <param index="2">
              <value>
                <![CDATA[]]>
              </value>
            </param>
            <param index="3">
              <value>
                <![CDATA[]]>
              </value>
            </param>
            <param index="4">
              <value>
                <![CDATA[]]>
              </value>
            </param>
            <param index="5">
              <value>
                <![CDATA[FAIL]]>
              </value>
            </param>
          </params>
          <reporter-output>
          </reporter-output>
        </test-method> <!-- verifyRegistration -->
        <test-method is-config="true" signature="tearDown()[pri:0, instance:com.faiz.automation.tests.RegistrationTest@3c0be339]" started-at="2026-06-03T23:48:27 IST" name="tearDown" finished-at="2026-06-03T23:48:28 IST" duration-ms="320" status="PASS">
          <reporter-output>
          </reporter-output>
        </test-method> <!-- tearDown -->
        <test-method is-config="true" signature="setUp()[pri:0, instance:com.faiz.automation.tests.RegistrationTest@3c0be339]" started-at="2026-06-03T23:48:28 IST" name="setUp" finished-at="2026-06-03T23:48:32 IST" duration-ms="3776" status="PASS">
          <reporter-output>
          </reporter-output>
        </test-method> <!-- setUp -->
        <test-method signature="verifyRegistration(java.lang.String,java.lang.String,java.lang.String,java.lang.String,java.lang.String,java.lang.String)[pri:0, instance:com.faiz.automation.tests.RegistrationTest@3c0be339]" started-at="2026-06-03T23:48:32 IST" name="verifyRegistration" data-provider="registrationData" finished-at="2026-06-03T23:48:43 IST" duration-ms="11294" status="PASS">
          <params>
            <param index="0">
              <value>
                <![CDATA[Faiz]]>
              </value>
            </param>
            <param index="1">
              <value>
                <![CDATA[Dafedar]]>
              </value>
            </param>
            <param index="2">
              <value>
                <![CDATA[faiz@gmail.com]]>
              </value>
            </param>
            <param index="3">
              <value>
                <![CDATA[12345]]>
              </value>
            </param>
            <param index="4">
              <value>
                <![CDATA[12345]]>
              </value>
            </param>
            <param index="5">
              <value>
                <![CDATA[FAIL]]>
              </value>
            </param>
          </params>
          <reporter-output>
          </reporter-output>
        </test-method> <!-- verifyRegistration -->
        <test-method is-config="true" signature="tearDown()[pri:0, instance:com.faiz.automation.tests.RegistrationTest@3c0be339]" started-at="2026-06-03T23:48:43 IST" name="tearDown" finished-at="2026-06-03T23:48:43 IST" duration-ms="315" status="PASS">
          <reporter-output>
          </reporter-output>
        </test-method> <!-- tearDown -->
        <test-method is-config="true" signature="setUp()[pri:0, instance:com.faiz.automation.tests.RegistrationTest@3c0be339]" started-at="2026-06-03T23:48:43 IST" name="setUp" finished-at="2026-06-03T23:48:47 IST" duration-ms="3971" status="PASS">
          <reporter-output>
          </reporter-output>
        </test-method> <!-- setUp -->
        <test-method signature="verifyRegistration(java.lang.String,java.lang.String,java.lang.String,java.lang.String,java.lang.String,java.lang.String)[pri:0, instance:com.faiz.automation.tests.RegistrationTest@3c0be339]" started-at="2026-06-03T23:48:47 IST" name="verifyRegistration" data-provider="registrationData" finished-at="2026-06-03T23:48:59 IST" duration-ms="11386" status="PASS">
          <params>
            <param index="0">
              <value>
                <![CDATA[Faiz]]>
              </value>
            </param>
            <param index="1">
              <value>
                <![CDATA[Dafedar]]>
              </value>
            </param>
            <param index="2">
              <value>
                <![CDATA[faiz@gmail.com]]>
              </value>
            </param>
            <param index="3">
              <value>
                <![CDATA[Test@123]]>
              </value>
            </param>
            <param index="4">
              <value>
                <![CDATA[Test@124]]>
              </value>
            </param>
            <param index="5">
              <value>
                <![CDATA[FAIL]]>
              </value>
            </param>
          </params>
          <reporter-output>
          </reporter-output>
        </test-method> <!-- verifyRegistration -->
        <test-method is-config="true" signature="tearDown()[pri:0, instance:com.faiz.automation.tests.RegistrationTest@3c0be339]" started-at="2026-06-03T23:48:59 IST" name="tearDown" finished-at="2026-06-03T23:48:59 IST" duration-ms="342" status="PASS">
          <reporter-output>
          </reporter-output>
        </test-method> <!-- tearDown -->
      </class> <!-- com.faiz.automation.tests.RegistrationTest -->
      <class name="com.faiz.automation.tests.NotebookOrderTest">
        <test-method is-config="true" signature="setUp()[pri:0, instance:com.faiz.automation.tests.NotebookOrderTest@15ca7889]" started-at="2026-06-03T23:48:59 IST" name="setUp" finished-at="2026-06-03T23:49:03 IST" duration-ms="4247" status="PASS">
          <reporter-output>
          </reporter-output>
        </test-method> <!-- setUp -->
        <test-method signature="selectNotebookAndPlaceOrder()[pri:0, instance:com.faiz.automation.tests.NotebookOrderTest@15ca7889]" started-at="2026-06-03T23:49:03 IST" name="selectNotebookAndPlaceOrder" finished-at="2026-06-03T23:49:13 IST" duration-ms="9556" status="PASS">
          <reporter-output>
          </reporter-output>
        </test-method> <!-- selectNotebookAndPlaceOrder -->
        <test-method is-config="true" signature="tearDown()[pri:0, instance:com.faiz.automation.tests.NotebookOrderTest@15ca7889]" started-at="2026-06-03T23:49:13 IST" name="tearDown" finished-at="2026-06-03T23:49:13 IST" duration-ms="361" status="PASS">
          <reporter-output>
          </reporter-output>
        </test-method> <!-- tearDown -->
      </class> <!-- com.faiz.automation.tests.NotebookOrderTest -->
    </test> <!-- Default test -->
  </suite> <!-- Default suite -->
</testng-results>
