<?xml version="1.0" encoding="UTF-8"?>
<testng-results ignored="0" total="4" passed="4" failed="0" skipped="0">
  <reporter-output>
  </reporter-output>
  <suite started-at="2026-06-14T12:54:01 IST" name="Default suite" finished-at="2026-06-14T12:54:30 IST" duration-ms="29213">
    <groups>
    </groups>
    <test started-at="2026-06-14T12:54:01 IST" name="Default test" finished-at="2026-06-14T12:54:30 IST" duration-ms="29213">
      <class name="com.faiz.automation.tests.NewsletterTest">
        <test-method is-config="true" signature="setUp()[pri:0, instance:com.faiz.automation.tests.NewsletterTest@6989da5e]" started-at="2026-06-14T12:54:02 IST" name="setUp" finished-at="2026-06-14T12:54:07 IST" duration-ms="5252" status="PASS">
          <reporter-output>
          </reporter-output>
        </test-method> <!-- setUp -->
        <test-method signature="verifyNewsletterSubscription(java.lang.String)[pri:0, instance:com.faiz.automation.tests.NewsletterTest@6989da5e]" started-at="2026-06-14T12:54:07 IST" name="verifyNewsletterSubscription" data-provider="newsletterData" finished-at="2026-06-14T12:54:09 IST" duration-ms="1768" status="PASS">
          <params>
            <param index="0">
              <value>
                <![CDATA[faiz@test.com]]>
              </value>
            </param>
          </params>
          <reporter-output>
          </reporter-output>
        </test-method> <!-- verifyNewsletterSubscription -->
        <test-method is-config="true" signature="tearDown()[pri:0, instance:com.faiz.automation.tests.NewsletterTest@6989da5e]" started-at="2026-06-14T12:54:09 IST" name="tearDown" finished-at="2026-06-14T12:54:09 IST" duration-ms="487" status="PASS">
          <reporter-output>
          </reporter-output>
        </test-method> <!-- tearDown -->
        <test-method is-config="true" signature="setUp()[pri:0, instance:com.faiz.automation.tests.NewsletterTest@6989da5e]" started-at="2026-06-14T12:54:09 IST" name="setUp" finished-at="2026-06-14T12:54:12 IST" duration-ms="2146" status="PASS">
          <reporter-output>
          </reporter-output>
        </test-method> <!-- setUp -->
        <test-method signature="verifyNewsletterSubscription(java.lang.String)[pri:0, instance:com.faiz.automation.tests.NewsletterTest@6989da5e]" started-at="2026-06-14T12:54:12 IST" name="verifyNewsletterSubscription" data-provider="newsletterData" finished-at="2026-06-14T12:54:16 IST" duration-ms="4627" status="PASS">
          <params>
            <param index="0">
              <value>
                <![CDATA[john@test.com]]>
              </value>
            </param>
          </params>
          <reporter-output>
          </reporter-output>
        </test-method> <!-- verifyNewsletterSubscription -->
        <test-method is-config="true" signature="tearDown()[pri:0, instance:com.faiz.automation.tests.NewsletterTest@6989da5e]" started-at="2026-06-14T12:54:16 IST" name="tearDown" finished-at="2026-06-14T12:54:17 IST" duration-ms="342" status="PASS">
          <reporter-output>
          </reporter-output>
        </test-method> <!-- tearDown -->
        <test-method is-config="true" signature="setUp()[pri:0, instance:com.faiz.automation.tests.NewsletterTest@6989da5e]" started-at="2026-06-14T12:54:17 IST" name="setUp" finished-at="2026-06-14T12:54:19 IST" duration-ms="2027" status="PASS">
          <reporter-output>
          </reporter-output>
        </test-method> <!-- setUp -->
        <test-method signature="verifyNewsletterSubscription(java.lang.String)[pri:0, instance:com.faiz.automation.tests.NewsletterTest@6989da5e]" started-at="2026-06-14T12:54:19 IST" name="verifyNewsletterSubscription" data-provider="newsletterData" finished-at="2026-06-14T12:54:22 IST" duration-ms="3501" status="PASS">
          <params>
            <param index="0">
              <value>
                <![CDATA[abc@gmail.com]]>
              </value>
            </param>
          </params>
          <reporter-output>
          </reporter-output>
        </test-method> <!-- verifyNewsletterSubscription -->
        <test-method is-config="true" signature="tearDown()[pri:0, instance:com.faiz.automation.tests.NewsletterTest@6989da5e]" started-at="2026-06-14T12:54:22 IST" name="tearDown" finished-at="2026-06-14T12:54:22 IST" duration-ms="318" status="PASS">
          <reporter-output>
          </reporter-output>
        </test-method> <!-- tearDown -->
        <test-method is-config="true" signature="setUp()[pri:0, instance:com.faiz.automation.tests.NewsletterTest@6989da5e]" started-at="2026-06-14T12:54:22 IST" name="setUp" finished-at="2026-06-14T12:54:24 IST" duration-ms="1922" status="PASS">
          <reporter-output>
          </reporter-output>
        </test-method> <!-- setUp -->
        <test-method signature="verifyNewsletterSubscription(java.lang.String)[pri:0, instance:com.faiz.automation.tests.NewsletterTest@6989da5e]" started-at="2026-06-14T12:54:24 IST" name="verifyNewsletterSubscription" data-provider="newsletterData" finished-at="2026-06-14T12:54:30 IST" duration-ms="5460" status="PASS">
          <params>
            <param index="0">
              <value>
                <![CDATA[invalidemail]]>
              </value>
            </param>
          </params>
          <reporter-output>
          </reporter-output>
        </test-method> <!-- verifyNewsletterSubscription -->
        <test-method is-config="true" signature="tearDown()[pri:0, instance:com.faiz.automation.tests.NewsletterTest@6989da5e]" started-at="2026-06-14T12:54:30 IST" name="tearDown" finished-at="2026-06-14T12:54:30 IST" duration-ms="348" status="PASS">
          <reporter-output>
          </reporter-output>
        </test-method> <!-- tearDown -->
      </class> <!-- com.faiz.automation.tests.NewsletterTest -->
    </test> <!-- Default test -->
  </suite> <!-- Default suite -->
</testng-results>
