<?xml version="1.0" encoding="UTF-8"?>
<!-- Generated by org.testng.reporters.JUnitReportReporter -->
<testsuite hostname="Faizahammed" failures="0" tests="10" name="com.faiz.automation.tests.RegistrationTest" time="216.237" errors="0" timestamp="2026-06-14T03:46:19 IST" skipped="0">
  <testcase classname="com.faiz.automation.tests.RegistrationTest" name="verifyRegistration" time="18.870"/>
  <testcase classname="com.faiz.automation.tests.RegistrationTest" name="verifyRegistration" time="18.615"/>
  <testcase classname="com.faiz.automation.tests.RegistrationTest" name="verifyRegistration" time="23.925"/>
  <testcase classname="com.faiz.automation.tests.RegistrationTest" name="verifyRegistration" time="24.910"/>
  <testcase classname="com.faiz.automation.tests.RegistrationTest" name="verifyRegistration" time="28.620"/>
  <testcase classname="com.faiz.automation.tests.RegistrationTest" name="verifyRegistration" time="19.260"/>
  <testcase classname="com.faiz.automation.tests.RegistrationTest" name="verifyRegistration" time="17.431"/>
  <testcase classname="com.faiz.automation.tests.RegistrationTest" name="verifyRegistration" time="24.103"/>
  <testcase classname="com.faiz.automation.tests.RegistrationTest" name="verifyRegistration" time="20.227"/>
  <testcase classname="com.faiz.automation.tests.RegistrationTest" name="verifyRegistration" time="20.276"/>
</testsuite> <!-- com.faiz.automation.tests.RegistrationTest -->
