<?xml version="1.0" encoding="UTF-8"?>
<!-- Generated by org.testng.reporters.JUnitReportReporter -->
<testsuite hostname="Faizahammed" failures="0" tests="10" name="com.faiz.automation.tests.RegistrationTest" time="183.410" errors="0" timestamp="2026-06-14T03:54:38 IST" skipped="0">
  <testcase classname="com.faiz.automation.tests.RegistrationTest" name="verifyRegistration" time="17.482"/>
  <testcase classname="com.faiz.automation.tests.RegistrationTest" name="verifyRegistration" time="17.133"/>
  <testcase classname="com.faiz.automation.tests.RegistrationTest" name="verifyRegistration" time="22.209"/>
  <testcase classname="com.faiz.automation.tests.RegistrationTest" name="verifyRegistration" time="13.704"/>
  <testcase classname="com.faiz.automation.tests.RegistrationTest" name="verifyRegistration" time="20.891"/>
  <testcase classname="com.faiz.automation.tests.RegistrationTest" name="verifyRegistration" time="17.481"/>
  <testcase classname="com.faiz.automation.tests.RegistrationTest" name="verifyRegistration" time="13.167"/>
  <testcase classname="com.faiz.automation.tests.RegistrationTest" name="verifyRegistration" time="20.526"/>
  <testcase classname="com.faiz.automation.tests.RegistrationTest" name="verifyRegistration" time="20.272"/>
  <testcase classname="com.faiz.automation.tests.RegistrationTest" name="verifyRegistration" time="20.545"/>
</testsuite> <!-- com.faiz.automation.tests.RegistrationTest -->
