<?xml version="1.0" encoding="UTF-8"?>
<!-- Generated by org.testng.reporters.JUnitReportReporter -->
<testsuite hostname="Faizahammed" failures="0" tests="10" name="com.faiz.automation.tests.RegistrationTest" time="152.788" errors="0" timestamp="2026-06-04T00:12:24 IST" skipped="0">
  <testcase classname="com.faiz.automation.tests.RegistrationTest" name="verifyRegistration" time="17.980"/>
  <testcase classname="com.faiz.automation.tests.RegistrationTest" name="verifyRegistration" time="16.168"/>
  <testcase classname="com.faiz.automation.tests.RegistrationTest" name="verifyRegistration" time="17.004"/>
  <testcase classname="com.faiz.automation.tests.RegistrationTest" name="verifyRegistration" time="16.028"/>
  <testcase classname="com.faiz.automation.tests.RegistrationTest" name="verifyRegistration" time="11.070"/>
  <testcase classname="com.faiz.automation.tests.RegistrationTest" name="verifyRegistration" time="15.898"/>
  <testcase classname="com.faiz.automation.tests.RegistrationTest" name="verifyRegistration" time="18.812"/>
  <testcase classname="com.faiz.automation.tests.RegistrationTest" name="verifyRegistration" time="8.460"/>
  <testcase classname="com.faiz.automation.tests.RegistrationTest" name="verifyRegistration" time="15.505"/>
  <testcase classname="com.faiz.automation.tests.RegistrationTest" name="verifyRegistration" time="15.863"/>
</testsuite> <!-- com.faiz.automation.tests.RegistrationTest -->
